[2023-10-06 10:27:25] production.ERROR: SQLSTATE[HY000] [1698] Access denied for user 'root'@'localhost' (SQL: select count(*) as aggregate from `settings` where `variable` = purchase_code) {"exception":"[object] (Illuminate\\Database\\QueryException(code: 1698): SQLSTATE[HY000] [1698] Access denied for user 'root'@'localhost' (SQL: select count(*) as aggregate from `settings` where `variable` = purchase_code) at /opt/lampp81/htdocs/projects/eGrocerAdminPanel-v1.9.3/eGrocerAdminPanel/vendor/laravel/framework/src/Illuminate/Database/Connection.php:712)
[stacktrace]
#0 /opt/lampp81/htdocs/projects/eGrocerAdminPanel-v1.9.3/eGrocerAdminPanel/vendor/laravel/framework/src/Illuminate/Database/Connection.php(672): Illuminate\\Database\\Connection->runQueryCallback()
#1 /opt/lampp81/htdocs/projects/eGrocerAdminPanel-v1.9.3/eGrocerAdminPanel/vendor/laravel/framework/src/Illuminate/Database/Connection.php(376): Illuminate\\Database\\Connection->run()
#2 /opt/lampp81/htdocs/projects/eGrocerAdminPanel-v1.9.3/eGrocerAdminPanel/vendor/laravel/framework/src/Illuminate/Database/Query/Builder.php(2414): Illuminate\\Database\\Connection->select()
#3 /opt/lampp81/htdocs/projects/eGrocerAdminPanel-v1.9.3/eGrocerAdminPanel/vendor/laravel/framework/src/Illuminate/Database/Query/Builder.php(2402): Illuminate\\Database\\Query\\Builder->runSelect()
#4 /opt/lampp81/htdocs/projects/eGrocerAdminPanel-v1.9.3/eGrocerAdminPanel/vendor/laravel/framework/src/Illuminate/Database/Query/Builder.php(2936): Illuminate\\Database\\Query\\Builder->Illuminate\\Database\\Query\\{closure}()
#5 /opt/lampp81/htdocs/projects/eGrocerAdminPanel-v1.9.3/eGrocerAdminPanel/vendor/laravel/framework/src/Illuminate/Database/Query/Builder.php(2403): Illuminate\\Database\\Query\\Builder->onceWithColumns()
#6 /opt/lampp81/htdocs/projects/eGrocerAdminPanel-v1.9.3/eGrocerAdminPanel/vendor/laravel/framework/src/Illuminate/Database/Query/Builder.php(2863): Illuminate\\Database\\Query\\Builder->get()
#7 /opt/lampp81/htdocs/projects/eGrocerAdminPanel-v1.9.3/eGrocerAdminPanel/vendor/laravel/framework/src/Illuminate/Database/Query/Builder.php(2791): Illuminate\\Database\\Query\\Builder->aggregate()
#8 /opt/lampp81/htdocs/projects/eGrocerAdminPanel-v1.9.3/eGrocerAdminPanel/vendor/laravel/framework/src/Illuminate/Database/Eloquent/Builder.php(1657): Illuminate\\Database\\Query\\Builder->count()
#9 /opt/lampp81/htdocs/projects/eGrocerAdminPanel-v1.9.3/eGrocerAdminPanel/app/Models/Setting.php(20): Illuminate\\Database\\Eloquent\\Builder->__call()
#10 /opt/lampp81/htdocs/projects/eGrocerAdminPanel-v1.9.3/eGrocerAdminPanel/app/Helpers/helpers.php(30): App\\Models\\Setting::get_value()
#11 /opt/lampp81/htdocs/projects/eGrocerAdminPanel-v1.9.3/eGrocerAdminPanel/app/Http/Middleware/SetLang.php(80): validateAdmin()
#12 /opt/lampp81/htdocs/projects/eGrocerAdminPanel-v1.9.3/eGrocerAdminPanel/vendor/laravel/framework/src/Illuminate/Pipeline/Pipeline.php(167): App\\Http\\Middleware\\SetLang->handle()
#13 /opt/lampp81/htdocs/projects/eGrocerAdminPanel-v1.9.3/eGrocerAdminPanel/vendor/laravel/framework/src/Illuminate/Session/Middleware/StartSession.php(121): Illuminate\\Pipeline\\Pipeline->Illuminate\\Pipeline\\{closure}()
#14 /opt/lampp81/htdocs/projects/eGrocerAdminPanel-v1.9.3/eGrocerAdminPanel/vendor/laravel/framework/src/Illuminate/Session/Middleware/StartSession.php(64): Illuminate\\Session\\Middleware\\StartSession->handleStatefulRequest()
#15 /opt/lampp81/htdocs/projects/eGrocerAdminPanel-v1.9.3/eGrocerAdminPanel/vendor/laravel/framework/src/Illuminate/Pipeline/Pipeline.php(167): Illuminate\\Session\\Middleware\\StartSession->handle()
#16 /opt/lampp81/htdocs/projects/eGrocerAdminPanel-v1.9.3/eGrocerAdminPanel/vendor/laravel/framework/src/Illuminate/Foundation/Http/Middleware/TransformsRequest.php(21): Illuminate\\Pipeline\\Pipeline->Illuminate\\Pipeline\\{closure}()
#17 /opt/lampp81/htdocs/projects/eGrocerAdminPanel-v1.9.3/eGrocerAdminPanel/vendor/laravel/framework/src/Illuminate/Foundation/Http/Middleware/ConvertEmptyStringsToNull.php(31): Illuminate\\Foundation\\Http\\Middleware\\TransformsRequest->handle()
#18 /opt/lampp81/htdocs/projects/eGrocerAdminPanel-v1.9.3/eGrocerAdminPanel/vendor/laravel/framework/src/Illuminate/Pipeline/Pipeline.php(167): Illuminate\\Foundation\\Http\\Middleware\\ConvertEmptyStringsToNull->handle()
#19 /opt/lampp81/htdocs/projects/eGrocerAdminPanel-v1.9.3/eGrocerAdminPanel/vendor/laravel/framework/src/Illuminate/Foundation/Http/Middleware/TransformsRequest.php(21): Illuminate\\Pipeline\\Pipeline->Illuminate\\Pipeline\\{closure}()
#20 /opt/lampp81/htdocs/projects/eGrocerAdminPanel-v1.9.3/eGrocerAdminPanel/vendor/laravel/framework/src/Illuminate/Foundation/Http/Middleware/TrimStrings.php(40): Illuminate\\Foundation\\Http\\Middleware\\TransformsRequest->handle()
#21 /opt/lampp81/htdocs/projects/eGrocerAdminPanel-v1.9.3/eGrocerAdminPanel/vendor/laravel/framework/src/Illuminate/Pipeline/Pipeline.php(167): Illuminate\\Foundation\\Http\\Middleware\\TrimStrings->handle()
#22 /opt/lampp81/htdocs/projects/eGrocerAdminPanel-v1.9.3/eGrocerAdminPanel/vendor/laravel/framework/src/Illuminate/Foundation/Http/Middleware/ValidatePostSize.php(27): Illuminate\\Pipeline\\Pipeline->Illuminate\\Pipeline\\{closure}()
#23 /opt/lampp81/htdocs/projects/eGrocerAdminPanel-v1.9.3/eGrocerAdminPanel/vendor/laravel/framework/src/Illuminate/Pipeline/Pipeline.php(167): Illuminate\\Foundation\\Http\\Middleware\\ValidatePostSize->handle()
#24 /opt/lampp81/htdocs/projects/eGrocerAdminPanel-v1.9.3/eGrocerAdminPanel/vendor/laravel/framework/src/Illuminate/Foundation/Http/Middleware/PreventRequestsDuringMaintenance.php(86): Illuminate\\Pipeline\\Pipeline->Illuminate\\Pipeline\\{closure}()
#25 /opt/lampp81/htdocs/projects/eGrocerAdminPanel-v1.9.3/eGrocerAdminPanel/vendor/laravel/framework/src/Illuminate/Pipeline/Pipeline.php(167): Illuminate\\Foundation\\Http\\Middleware\\PreventRequestsDuringMaintenance->handle()
#26 /opt/lampp81/htdocs/projects/eGrocerAdminPanel-v1.9.3/eGrocerAdminPanel/vendor/fruitcake/laravel-cors/src/HandleCors.php(38): Illuminate\\Pipeline\\Pipeline->Illuminate\\Pipeline\\{closure}()
#27 /opt/lampp81/htdocs/projects/eGrocerAdminPanel-v1.9.3/eGrocerAdminPanel/vendor/laravel/framework/src/Illuminate/Pipeline/Pipeline.php(167): Fruitcake\\Cors\\HandleCors->handle()
#28 /opt/lampp81/htdocs/projects/eGrocerAdminPanel-v1.9.3/eGrocerAdminPanel/vendor/laravel/framework/src/Illuminate/Http/Middleware/TrustProxies.php(39): Illuminate\\Pipeline\\Pipeline->Illuminate\\Pipeline\\{closure}()
#29 /opt/lampp81/htdocs/projects/eGrocerAdminPanel-v1.9.3/eGrocerAdminPanel/vendor/laravel/framework/src/Illuminate/Pipeline/Pipeline.php(167): Illuminate\\Http\\Middleware\\TrustProxies->handle()
#30 /opt/lampp81/htdocs/projects/eGrocerAdminPanel-v1.9.3/eGrocerAdminPanel/vendor/laravel/framework/src/Illuminate/Pipeline/Pipeline.php(103): Illuminate\\Pipeline\\Pipeline->Illuminate\\Pipeline\\{closure}()
#31 /opt/lampp81/htdocs/projects/eGrocerAdminPanel-v1.9.3/eGrocerAdminPanel/vendor/laravel/framework/src/Illuminate/Foundation/Http/Kernel.php(142): Illuminate\\Pipeline\\Pipeline->then()
#32 /opt/lampp81/htdocs/projects/eGrocerAdminPanel-v1.9.3/eGrocerAdminPanel/vendor/laravel/framework/src/Illuminate/Foundation/Http/Kernel.php(111): Illuminate\\Foundation\\Http\\Kernel->sendRequestThroughRouter()
#33 /opt/lampp81/htdocs/projects/eGrocerAdminPanel-v1.9.3/eGrocerAdminPanel/public/index.php(60): Illuminate\\Foundation\\Http\\Kernel->handle()
#34 /opt/lampp81/htdocs/projects/eGrocerAdminPanel-v1.9.3/eGrocerAdminPanel/server.php(21): require_once('...')
#35 {main}

[previous exception] [object] (PDOException(code: 1698): SQLSTATE[HY000] [1698] Access denied for user 'root'@'localhost' at /opt/lampp81/htdocs/projects/eGrocerAdminPanel-v1.9.3/eGrocerAdminPanel/vendor/laravel/framework/src/Illuminate/Database/Connectors/Connector.php:70)
[stacktrace]
#0 /opt/lampp81/htdocs/projects/eGrocerAdminPanel-v1.9.3/eGrocerAdminPanel/vendor/laravel/framework/src/Illuminate/Database/Connectors/Connector.php(70): PDO->__construct()
#1 /opt/lampp81/htdocs/projects/eGrocerAdminPanel-v1.9.3/eGrocerAdminPanel/vendor/laravel/framework/src/Illuminate/Database/Connectors/Connector.php(46): Illuminate\\Database\\Connectors\\Connector->createPdoConnection()
#2 /opt/lampp81/htdocs/projects/eGrocerAdminPanel-v1.9.3/eGrocerAdminPanel/vendor/laravel/framework/src/Illuminate/Database/Connectors/MySqlConnector.php(24): Illuminate\\Database\\Connectors\\Connector->createConnection()
#3 /opt/lampp81/htdocs/projects/eGrocerAdminPanel-v1.9.3/eGrocerAdminPanel/vendor/laravel/framework/src/Illuminate/Database/Connectors/ConnectionFactory.php(184): Illuminate\\Database\\Connectors\\MySqlConnector->connect()
#4 [internal function]: Illuminate\\Database\\Connectors\\ConnectionFactory->Illuminate\\Database\\Connectors\\{closure}()
#5 /opt/lampp81/htdocs/projects/eGrocerAdminPanel-v1.9.3/eGrocerAdminPanel/vendor/laravel/framework/src/Illuminate/Database/Connection.php(1064): call_user_func()
#6 /opt/lampp81/htdocs/projects/eGrocerAdminPanel-v1.9.3/eGrocerAdminPanel/vendor/laravel/framework/src/Illuminate/Database/Connection.php(1100): Illuminate\\Database\\Connection->getPdo()
#7 /opt/lampp81/htdocs/projects/eGrocerAdminPanel-v1.9.3/eGrocerAdminPanel/vendor/laravel/framework/src/Illuminate/Database/Connection.php(442): Illuminate\\Database\\Connection->getReadPdo()
#8 /opt/lampp81/htdocs/projects/eGrocerAdminPanel-v1.9.3/eGrocerAdminPanel/vendor/laravel/framework/src/Illuminate/Database/Connection.php(368): Illuminate\\Database\\Connection->getPdoForSelect()
#9 /opt/lampp81/htdocs/projects/eGrocerAdminPanel-v1.9.3/eGrocerAdminPanel/vendor/laravel/framework/src/Illuminate/Database/Connection.php(705): Illuminate\\Database\\Connection->Illuminate\\Database\\{closure}()
#10 /opt/lampp81/htdocs/projects/eGrocerAdminPanel-v1.9.3/eGrocerAdminPanel/vendor/laravel/framework/src/Illuminate/Database/Connection.php(672): Illuminate\\Database\\Connection->runQueryCallback()
#11 /opt/lampp81/htdocs/projects/eGrocerAdminPanel-v1.9.3/eGrocerAdminPanel/vendor/laravel/framework/src/Illuminate/Database/Connection.php(376): Illuminate\\Database\\Connection->run()
#12 /opt/lampp81/htdocs/projects/eGrocerAdminPanel-v1.9.3/eGrocerAdminPanel/vendor/laravel/framework/src/Illuminate/Database/Query/Builder.php(2414): Illuminate\\Database\\Connection->select()
#13 /opt/lampp81/htdocs/projects/eGrocerAdminPanel-v1.9.3/eGrocerAdminPanel/vendor/laravel/framework/src/Illuminate/Database/Query/Builder.php(2402): Illuminate\\Database\\Query\\Builder->runSelect()
#14 /opt/lampp81/htdocs/projects/eGrocerAdminPanel-v1.9.3/eGrocerAdminPanel/vendor/laravel/framework/src/Illuminate/Database/Query/Builder.php(2936): Illuminate\\Database\\Query\\Builder->Illuminate\\Database\\Query\\{closure}()
#15 /opt/lampp81/htdocs/projects/eGrocerAdminPanel-v1.9.3/eGrocerAdminPanel/vendor/laravel/framework/src/Illuminate/Database/Query/Builder.php(2403): Illuminate\\Database\\Query\\Builder->onceWithColumns()
#16 /opt/lampp81/htdocs/projects/eGrocerAdminPanel-v1.9.3/eGrocerAdminPanel/vendor/laravel/framework/src/Illuminate/Database/Query/Builder.php(2863): Illuminate\\Database\\Query\\Builder->get()
#17 /opt/lampp81/htdocs/projects/eGrocerAdminPanel-v1.9.3/eGrocerAdminPanel/vendor/laravel/framework/src/Illuminate/Database/Query/Builder.php(2791): Illuminate\\Database\\Query\\Builder->aggregate()
#18 /opt/lampp81/htdocs/projects/eGrocerAdminPanel-v1.9.3/eGrocerAdminPanel/vendor/laravel/framework/src/Illuminate/Database/Eloquent/Builder.php(1657): Illuminate\\Database\\Query\\Builder->count()
#19 /opt/lampp81/htdocs/projects/eGrocerAdminPanel-v1.9.3/eGrocerAdminPanel/app/Models/Setting.php(20): Illuminate\\Database\\Eloquent\\Builder->__call()
#20 /opt/lampp81/htdocs/projects/eGrocerAdminPanel-v1.9.3/eGrocerAdminPanel/app/Helpers/helpers.php(30): App\\Models\\Setting::get_value()
#21 /opt/lampp81/htdocs/projects/eGrocerAdminPanel-v1.9.3/eGrocerAdminPanel/app/Http/Middleware/SetLang.php(80): validateAdmin()
#22 /opt/lampp81/htdocs/projects/eGrocerAdminPanel-v1.9.3/eGrocerAdminPanel/vendor/laravel/framework/src/Illuminate/Pipeline/Pipeline.php(167): App\\Http\\Middleware\\SetLang->handle()
#23 /opt/lampp81/htdocs/projects/eGrocerAdminPanel-v1.9.3/eGrocerAdminPanel/vendor/laravel/framework/src/Illuminate/Session/Middleware/StartSession.php(121): Illuminate\\Pipeline\\Pipeline->Illuminate\\Pipeline\\{closure}()
#24 /opt/lampp81/htdocs/projects/eGrocerAdminPanel-v1.9.3/eGrocerAdminPanel/vendor/laravel/framework/src/Illuminate/Session/Middleware/StartSession.php(64): Illuminate\\Session\\Middleware\\StartSession->handleStatefulRequest()
#25 /opt/lampp81/htdocs/projects/eGrocerAdminPanel-v1.9.3/eGrocerAdminPanel/vendor/laravel/framework/src/Illuminate/Pipeline/Pipeline.php(167): Illuminate\\Session\\Middleware\\StartSession->handle()
#26 /opt/lampp81/htdocs/projects/eGrocerAdminPanel-v1.9.3/eGrocerAdminPanel/vendor/laravel/framework/src/Illuminate/Foundation/Http/Middleware/TransformsRequest.php(21): Illuminate\\Pipeline\\Pipeline->Illuminate\\Pipeline\\{closure}()
#27 /opt/lampp81/htdocs/projects/eGrocerAdminPanel-v1.9.3/eGrocerAdminPanel/vendor/laravel/framework/src/Illuminate/Foundation/Http/Middleware/ConvertEmptyStringsToNull.php(31): Illuminate\\Foundation\\Http\\Middleware\\TransformsRequest->handle()
#28 /opt/lampp81/htdocs/projects/eGrocerAdminPanel-v1.9.3/eGrocerAdminPanel/vendor/laravel/framework/src/Illuminate/Pipeline/Pipeline.php(167): Illuminate\\Foundation\\Http\\Middleware\\ConvertEmptyStringsToNull->handle()
#29 /opt/lampp81/htdocs/projects/eGrocerAdminPanel-v1.9.3/eGrocerAdminPanel/vendor/laravel/framework/src/Illuminate/Foundation/Http/Middleware/TransformsRequest.php(21): Illuminate\\Pipeline\\Pipeline->Illuminate\\Pipeline\\{closure}()
#30 /opt/lampp81/htdocs/projects/eGrocerAdminPanel-v1.9.3/eGrocerAdminPanel/vendor/laravel/framework/src/Illuminate/Foundation/Http/Middleware/TrimStrings.php(40): Illuminate\\Foundation\\Http\\Middleware\\TransformsRequest->handle()
#31 /opt/lampp81/htdocs/projects/eGrocerAdminPanel-v1.9.3/eGrocerAdminPanel/vendor/laravel/framework/src/Illuminate/Pipeline/Pipeline.php(167): Illuminate\\Foundation\\Http\\Middleware\\TrimStrings->handle()
#32 /opt/lampp81/htdocs/projects/eGrocerAdminPanel-v1.9.3/eGrocerAdminPanel/vendor/laravel/framework/src/Illuminate/Foundation/Http/Middleware/ValidatePostSize.php(27): Illuminate\\Pipeline\\Pipeline->Illuminate\\Pipeline\\{closure}()
#33 /opt/lampp81/htdocs/projects/eGrocerAdminPanel-v1.9.3/eGrocerAdminPanel/vendor/laravel/framework/src/Illuminate/Pipeline/Pipeline.php(167): Illuminate\\Foundation\\Http\\Middleware\\ValidatePostSize->handle()
#34 /opt/lampp81/htdocs/projects/eGrocerAdminPanel-v1.9.3/eGrocerAdminPanel/vendor/laravel/framework/src/Illuminate/Foundation/Http/Middleware/PreventRequestsDuringMaintenance.php(86): Illuminate\\Pipeline\\Pipeline->Illuminate\\Pipeline\\{closure}()
#35 /opt/lampp81/htdocs/projects/eGrocerAdminPanel-v1.9.3/eGrocerAdminPanel/vendor/laravel/framework/src/Illuminate/Pipeline/Pipeline.php(167): Illuminate\\Foundation\\Http\\Middleware\\PreventRequestsDuringMaintenance->handle()
#36 /opt/lampp81/htdocs/projects/eGrocerAdminPanel-v1.9.3/eGrocerAdminPanel/vendor/fruitcake/laravel-cors/src/HandleCors.php(38): Illuminate\\Pipeline\\Pipeline->Illuminate\\Pipeline\\{closure}()
#37 /opt/lampp81/htdocs/projects/eGrocerAdminPanel-v1.9.3/eGrocerAdminPanel/vendor/laravel/framework/src/Illuminate/Pipeline/Pipeline.php(167): Fruitcake\\Cors\\HandleCors->handle()
#38 /opt/lampp81/htdocs/projects/eGrocerAdminPanel-v1.9.3/eGrocerAdminPanel/vendor/laravel/framework/src/Illuminate/Http/Middleware/TrustProxies.php(39): Illuminate\\Pipeline\\Pipeline->Illuminate\\Pipeline\\{closure}()
#39 /opt/lampp81/htdocs/projects/eGrocerAdminPanel-v1.9.3/eGrocerAdminPanel/vendor/laravel/framework/src/Illuminate/Pipeline/Pipeline.php(167): Illuminate\\Http\\Middleware\\TrustProxies->handle()
#40 /opt/lampp81/htdocs/projects/eGrocerAdminPanel-v1.9.3/eGrocerAdminPanel/vendor/laravel/framework/src/Illuminate/Pipeline/Pipeline.php(103): Illuminate\\Pipeline\\Pipeline->Illuminate\\Pipeline\\{closure}()
#41 /opt/lampp81/htdocs/projects/eGrocerAdminPanel-v1.9.3/eGrocerAdminPanel/vendor/laravel/framework/src/Illuminate/Foundation/Http/Kernel.php(142): Illuminate\\Pipeline\\Pipeline->then()
#42 /opt/lampp81/htdocs/projects/eGrocerAdminPanel-v1.9.3/eGrocerAdminPanel/vendor/laravel/framework/src/Illuminate/Foundation/Http/Kernel.php(111): Illuminate\\Foundation\\Http\\Kernel->sendRequestThroughRouter()
#43 /opt/lampp81/htdocs/projects/eGrocerAdminPanel-v1.9.3/eGrocerAdminPanel/public/index.php(60): Illuminate\\Foundation\\Http\\Kernel->handle()
#44 /opt/lampp81/htdocs/projects/eGrocerAdminPanel-v1.9.3/eGrocerAdminPanel/server.php(21): require_once('...')
#45 {main}
"} 
[2023-10-06 10:30:47] production.INFO: Number of sold out product : 0  
[2023-10-06 10:30:59] production.INFO: Number of sold out product : 0  
[2023-10-06 10:49:39] production.INFO: Error : Undefined array key 11  
[2023-10-06 10:49:39] production.ERROR: Undefined array key 11 {"userId":1,"exception":"[object] (ErrorException(code: 0): Undefined array key 11 at /opt/lampp81/htdocs/projects/eGrocerAdminPanel-v1.9.3/eGrocerAdminPanel/app/Http/Controllers/API/ProductApiController.php:727)
[stacktrace]
#0 /opt/lampp81/htdocs/projects/eGrocerAdminPanel-v1.9.3/eGrocerAdminPanel/app/Http/Controllers/API/ProductApiController.php(727): Illuminate\\Foundation\\Bootstrap\\HandleExceptions->handleError()
#1 /opt/lampp81/htdocs/projects/eGrocerAdminPanel-v1.9.3/eGrocerAdminPanel/vendor/laravel/framework/src/Illuminate/Routing/Controller.php(54): App\\Http\\Controllers\\API\\ProductApiController->bulkUpload()
#2 /opt/lampp81/htdocs/projects/eGrocerAdminPanel-v1.9.3/eGrocerAdminPanel/vendor/laravel/framework/src/Illuminate/Routing/ControllerDispatcher.php(45): Illuminate\\Routing\\Controller->callAction()
#3 /opt/lampp81/htdocs/projects/eGrocerAdminPanel-v1.9.3/eGrocerAdminPanel/vendor/laravel/framework/src/Illuminate/Routing/Route.php(262): Illuminate\\Routing\\ControllerDispatcher->dispatch()
#4 /opt/lampp81/htdocs/projects/eGrocerAdminPanel-v1.9.3/eGrocerAdminPanel/vendor/laravel/framework/src/Illuminate/Routing/Route.php(205): Illuminate\\Routing\\Route->runController()
#5 /opt/lampp81/htdocs/projects/eGrocerAdminPanel-v1.9.3/eGrocerAdminPanel/vendor/laravel/framework/src/Illuminate/Routing/Router.php(721): Illuminate\\Routing\\Route->run()
#6 /opt/lampp81/htdocs/projects/eGrocerAdminPanel-v1.9.3/eGrocerAdminPanel/vendor/laravel/framework/src/Illuminate/Pipeline/Pipeline.php(128): Illuminate\\Routing\\Router->Illuminate\\Routing\\{closure}()
#7 /opt/lampp81/htdocs/projects/eGrocerAdminPanel-v1.9.3/eGrocerAdminPanel/vendor/laravel/framework/src/Illuminate/Routing/Middleware/SubstituteBindings.php(50): Illuminate\\Pipeline\\Pipeline->Illuminate\\Pipeline\\{closure}()
#8 /opt/lampp81/htdocs/projects/eGrocerAdminPanel-v1.9.3/eGrocerAdminPanel/vendor/laravel/framework/src/Illuminate/Pipeline/Pipeline.php(167): Illuminate\\Routing\\Middleware\\SubstituteBindings->handle()
#9 /opt/lampp81/htdocs/projects/eGrocerAdminPanel-v1.9.3/eGrocerAdminPanel/vendor/laravel/framework/src/Illuminate/Routing/Middleware/ThrottleRequests.php(127): Illuminate\\Pipeline\\Pipeline->Illuminate\\Pipeline\\{closure}()
#10 /opt/lampp81/htdocs/projects/eGrocerAdminPanel-v1.9.3/eGrocerAdminPanel/vendor/laravel/framework/src/Illuminate/Routing/Middleware/ThrottleRequests.php(103): Illuminate\\Routing\\Middleware\\ThrottleRequests->handleRequest()
#11 /opt/lampp81/htdocs/projects/eGrocerAdminPanel-v1.9.3/eGrocerAdminPanel/vendor/laravel/framework/src/Illuminate/Routing/Middleware/ThrottleRequests.php(55): Illuminate\\Routing\\Middleware\\ThrottleRequests->handleRequestUsingNamedLimiter()
#12 /opt/lampp81/htdocs/projects/eGrocerAdminPanel-v1.9.3/eGrocerAdminPanel/vendor/laravel/framework/src/Illuminate/Pipeline/Pipeline.php(167): Illuminate\\Routing\\Middleware\\ThrottleRequests->handle()
#13 /opt/lampp81/htdocs/projects/eGrocerAdminPanel-v1.9.3/eGrocerAdminPanel/vendor/laravel/framework/src/Illuminate/Auth/Middleware/Authenticate.php(44): Illuminate\\Pipeline\\Pipeline->Illuminate\\Pipeline\\{closure}()
#14 /opt/lampp81/htdocs/projects/eGrocerAdminPanel-v1.9.3/eGrocerAdminPanel/vendor/laravel/framework/src/Illuminate/Pipeline/Pipeline.php(167): Illuminate\\Auth\\Middleware\\Authenticate->handle()
#15 /opt/lampp81/htdocs/projects/eGrocerAdminPanel-v1.9.3/eGrocerAdminPanel/vendor/laravel/framework/src/Illuminate/Pipeline/Pipeline.php(103): Illuminate\\Pipeline\\Pipeline->Illuminate\\Pipeline\\{closure}()
#16 /opt/lampp81/htdocs/projects/eGrocerAdminPanel-v1.9.3/eGrocerAdminPanel/vendor/laravel/framework/src/Illuminate/Routing/Router.php(723): Illuminate\\Pipeline\\Pipeline->then()
#17 /opt/lampp81/htdocs/projects/eGrocerAdminPanel-v1.9.3/eGrocerAdminPanel/vendor/laravel/framework/src/Illuminate/Routing/Router.php(698): Illuminate\\Routing\\Router->runRouteWithinStack()
#18 /opt/lampp81/htdocs/projects/eGrocerAdminPanel-v1.9.3/eGrocerAdminPanel/vendor/laravel/framework/src/Illuminate/Routing/Router.php(662): Illuminate\\Routing\\Router->runRoute()
#19 /opt/lampp81/htdocs/projects/eGrocerAdminPanel-v1.9.3/eGrocerAdminPanel/vendor/laravel/framework/src/Illuminate/Routing/Router.php(651): Illuminate\\Routing\\Router->dispatchToRoute()
#20 /opt/lampp81/htdocs/projects/eGrocerAdminPanel-v1.9.3/eGrocerAdminPanel/vendor/laravel/framework/src/Illuminate/Foundation/Http/Kernel.php(167): Illuminate\\Routing\\Router->dispatch()
#21 /opt/lampp81/htdocs/projects/eGrocerAdminPanel-v1.9.3/eGrocerAdminPanel/vendor/laravel/framework/src/Illuminate/Pipeline/Pipeline.php(128): Illuminate\\Foundation\\Http\\Kernel->Illuminate\\Foundation\\Http\\{closure}()
#22 /opt/lampp81/htdocs/projects/eGrocerAdminPanel-v1.9.3/eGrocerAdminPanel/app/Http/Middleware/SetLang.php(82): Illuminate\\Pipeline\\Pipeline->Illuminate\\Pipeline\\{closure}()
#23 /opt/lampp81/htdocs/projects/eGrocerAdminPanel-v1.9.3/eGrocerAdminPanel/vendor/laravel/framework/src/Illuminate/Pipeline/Pipeline.php(167): App\\Http\\Middleware\\SetLang->handle()
#24 /opt/lampp81/htdocs/projects/eGrocerAdminPanel-v1.9.3/eGrocerAdminPanel/vendor/laravel/framework/src/Illuminate/Session/Middleware/StartSession.php(121): Illuminate\\Pipeline\\Pipeline->Illuminate\\Pipeline\\{closure}()
#25 /opt/lampp81/htdocs/projects/eGrocerAdminPanel-v1.9.3/eGrocerAdminPanel/vendor/laravel/framework/src/Illuminate/Session/Middleware/StartSession.php(64): Illuminate\\Session\\Middleware\\StartSession->handleStatefulRequest()
#26 /opt/lampp81/htdocs/projects/eGrocerAdminPanel-v1.9.3/eGrocerAdminPanel/vendor/laravel/framework/src/Illuminate/Pipeline/Pipeline.php(167): Illuminate\\Session\\Middleware\\StartSession->handle()
#27 /opt/lampp81/htdocs/projects/eGrocerAdminPanel-v1.9.3/eGrocerAdminPanel/vendor/laravel/framework/src/Illuminate/Foundation/Http/Middleware/TransformsRequest.php(21): Illuminate\\Pipeline\\Pipeline->Illuminate\\Pipeline\\{closure}()
#28 /opt/lampp81/htdocs/projects/eGrocerAdminPanel-v1.9.3/eGrocerAdminPanel/vendor/laravel/framework/src/Illuminate/Foundation/Http/Middleware/ConvertEmptyStringsToNull.php(31): Illuminate\\Foundation\\Http\\Middleware\\TransformsRequest->handle()
#29 /opt/lampp81/htdocs/projects/eGrocerAdminPanel-v1.9.3/eGrocerAdminPanel/vendor/laravel/framework/src/Illuminate/Pipeline/Pipeline.php(167): Illuminate\\Foundation\\Http\\Middleware\\ConvertEmptyStringsToNull->handle()
#30 /opt/lampp81/htdocs/projects/eGrocerAdminPanel-v1.9.3/eGrocerAdminPanel/vendor/laravel/framework/src/Illuminate/Foundation/Http/Middleware/TransformsRequest.php(21): Illuminate\\Pipeline\\Pipeline->Illuminate\\Pipeline\\{closure}()
#31 /opt/lampp81/htdocs/projects/eGrocerAdminPanel-v1.9.3/eGrocerAdminPanel/vendor/laravel/framework/src/Illuminate/Foundation/Http/Middleware/TrimStrings.php(40): Illuminate\\Foundation\\Http\\Middleware\\TransformsRequest->handle()
#32 /opt/lampp81/htdocs/projects/eGrocerAdminPanel-v1.9.3/eGrocerAdminPanel/vendor/laravel/framework/src/Illuminate/Pipeline/Pipeline.php(167): Illuminate\\Foundation\\Http\\Middleware\\TrimStrings->handle()
#33 /opt/lampp81/htdocs/projects/eGrocerAdminPanel-v1.9.3/eGrocerAdminPanel/vendor/laravel/framework/src/Illuminate/Foundation/Http/Middleware/ValidatePostSize.php(27): Illuminate\\Pipeline\\Pipeline->Illuminate\\Pipeline\\{closure}()
#34 /opt/lampp81/htdocs/projects/eGrocerAdminPanel-v1.9.3/eGrocerAdminPanel/vendor/laravel/framework/src/Illuminate/Pipeline/Pipeline.php(167): Illuminate\\Foundation\\Http\\Middleware\\ValidatePostSize->handle()
#35 /opt/lampp81/htdocs/projects/eGrocerAdminPanel-v1.9.3/eGrocerAdminPanel/vendor/laravel/framework/src/Illuminate/Foundation/Http/Middleware/PreventRequestsDuringMaintenance.php(86): Illuminate\\Pipeline\\Pipeline->Illuminate\\Pipeline\\{closure}()
#36 /opt/lampp81/htdocs/projects/eGrocerAdminPanel-v1.9.3/eGrocerAdminPanel/vendor/laravel/framework/src/Illuminate/Pipeline/Pipeline.php(167): Illuminate\\Foundation\\Http\\Middleware\\PreventRequestsDuringMaintenance->handle()
#37 /opt/lampp81/htdocs/projects/eGrocerAdminPanel-v1.9.3/eGrocerAdminPanel/vendor/fruitcake/laravel-cors/src/HandleCors.php(52): Illuminate\\Pipeline\\Pipeline->Illuminate\\Pipeline\\{closure}()
#38 /opt/lampp81/htdocs/projects/eGrocerAdminPanel-v1.9.3/eGrocerAdminPanel/vendor/laravel/framework/src/Illuminate/Pipeline/Pipeline.php(167): Fruitcake\\Cors\\HandleCors->handle()
#39 /opt/lampp81/htdocs/projects/eGrocerAdminPanel-v1.9.3/eGrocerAdminPanel/vendor/laravel/framework/src/Illuminate/Http/Middleware/TrustProxies.php(39): Illuminate\\Pipeline\\Pipeline->Illuminate\\Pipeline\\{closure}()
#40 /opt/lampp81/htdocs/projects/eGrocerAdminPanel-v1.9.3/eGrocerAdminPanel/vendor/laravel/framework/src/Illuminate/Pipeline/Pipeline.php(167): Illuminate\\Http\\Middleware\\TrustProxies->handle()
#41 /opt/lampp81/htdocs/projects/eGrocerAdminPanel-v1.9.3/eGrocerAdminPanel/vendor/laravel/framework/src/Illuminate/Pipeline/Pipeline.php(103): Illuminate\\Pipeline\\Pipeline->Illuminate\\Pipeline\\{closure}()
#42 /opt/lampp81/htdocs/projects/eGrocerAdminPanel-v1.9.3/eGrocerAdminPanel/vendor/laravel/framework/src/Illuminate/Foundation/Http/Kernel.php(142): Illuminate\\Pipeline\\Pipeline->then()
#43 /opt/lampp81/htdocs/projects/eGrocerAdminPanel-v1.9.3/eGrocerAdminPanel/vendor/laravel/framework/src/Illuminate/Foundation/Http/Kernel.php(111): Illuminate\\Foundation\\Http\\Kernel->sendRequestThroughRouter()
#44 /opt/lampp81/htdocs/projects/eGrocerAdminPanel-v1.9.3/eGrocerAdminPanel/public/index.php(60): Illuminate\\Foundation\\Http\\Kernel->handle()
#45 /opt/lampp81/htdocs/projects/eGrocerAdminPanel-v1.9.3/eGrocerAdminPanel/server.php(21): require_once('...')
#46 {main}
"} 
[2023-10-06 10:49:51] production.INFO: Error : Undefined array key 11  
[2023-10-06 10:49:51] production.ERROR: Undefined array key 11 {"userId":1,"exception":"[object] (ErrorException(code: 0): Undefined array key 11 at /opt/lampp81/htdocs/projects/eGrocerAdminPanel-v1.9.3/eGrocerAdminPanel/app/Http/Controllers/API/ProductApiController.php:727)
[stacktrace]
#0 /opt/lampp81/htdocs/projects/eGrocerAdminPanel-v1.9.3/eGrocerAdminPanel/app/Http/Controllers/API/ProductApiController.php(727): Illuminate\\Foundation\\Bootstrap\\HandleExceptions->handleError()
#1 /opt/lampp81/htdocs/projects/eGrocerAdminPanel-v1.9.3/eGrocerAdminPanel/vendor/laravel/framework/src/Illuminate/Routing/Controller.php(54): App\\Http\\Controllers\\API\\ProductApiController->bulkUpload()
#2 /opt/lampp81/htdocs/projects/eGrocerAdminPanel-v1.9.3/eGrocerAdminPanel/vendor/laravel/framework/src/Illuminate/Routing/ControllerDispatcher.php(45): Illuminate\\Routing\\Controller->callAction()
#3 /opt/lampp81/htdocs/projects/eGrocerAdminPanel-v1.9.3/eGrocerAdminPanel/vendor/laravel/framework/src/Illuminate/Routing/Route.php(262): Illuminate\\Routing\\ControllerDispatcher->dispatch()
#4 /opt/lampp81/htdocs/projects/eGrocerAdminPanel-v1.9.3/eGrocerAdminPanel/vendor/laravel/framework/src/Illuminate/Routing/Route.php(205): Illuminate\\Routing\\Route->runController()
#5 /opt/lampp81/htdocs/projects/eGrocerAdminPanel-v1.9.3/eGrocerAdminPanel/vendor/laravel/framework/src/Illuminate/Routing/Router.php(721): Illuminate\\Routing\\Route->run()
#6 /opt/lampp81/htdocs/projects/eGrocerAdminPanel-v1.9.3/eGrocerAdminPanel/vendor/laravel/framework/src/Illuminate/Pipeline/Pipeline.php(128): Illuminate\\Routing\\Router->Illuminate\\Routing\\{closure}()
#7 /opt/lampp81/htdocs/projects/eGrocerAdminPanel-v1.9.3/eGrocerAdminPanel/vendor/laravel/framework/src/Illuminate/Routing/Middleware/SubstituteBindings.php(50): Illuminate\\Pipeline\\Pipeline->Illuminate\\Pipeline\\{closure}()
#8 /opt/lampp81/htdocs/projects/eGrocerAdminPanel-v1.9.3/eGrocerAdminPanel/vendor/laravel/framework/src/Illuminate/Pipeline/Pipeline.php(167): Illuminate\\Routing\\Middleware\\SubstituteBindings->handle()
#9 /opt/lampp81/htdocs/projects/eGrocerAdminPanel-v1.9.3/eGrocerAdminPanel/vendor/laravel/framework/src/Illuminate/Routing/Middleware/ThrottleRequests.php(127): Illuminate\\Pipeline\\Pipeline->Illuminate\\Pipeline\\{closure}()
#10 /opt/lampp81/htdocs/projects/eGrocerAdminPanel-v1.9.3/eGrocerAdminPanel/vendor/laravel/framework/src/Illuminate/Routing/Middleware/ThrottleRequests.php(103): Illuminate\\Routing\\Middleware\\ThrottleRequests->handleRequest()
#11 /opt/lampp81/htdocs/projects/eGrocerAdminPanel-v1.9.3/eGrocerAdminPanel/vendor/laravel/framework/src/Illuminate/Routing/Middleware/ThrottleRequests.php(55): Illuminate\\Routing\\Middleware\\ThrottleRequests->handleRequestUsingNamedLimiter()
#12 /opt/lampp81/htdocs/projects/eGrocerAdminPanel-v1.9.3/eGrocerAdminPanel/vendor/laravel/framework/src/Illuminate/Pipeline/Pipeline.php(167): Illuminate\\Routing\\Middleware\\ThrottleRequests->handle()
#13 /opt/lampp81/htdocs/projects/eGrocerAdminPanel-v1.9.3/eGrocerAdminPanel/vendor/laravel/framework/src/Illuminate/Auth/Middleware/Authenticate.php(44): Illuminate\\Pipeline\\Pipeline->Illuminate\\Pipeline\\{closure}()
#14 /opt/lampp81/htdocs/projects/eGrocerAdminPanel-v1.9.3/eGrocerAdminPanel/vendor/laravel/framework/src/Illuminate/Pipeline/Pipeline.php(167): Illuminate\\Auth\\Middleware\\Authenticate->handle()
#15 /opt/lampp81/htdocs/projects/eGrocerAdminPanel-v1.9.3/eGrocerAdminPanel/vendor/laravel/framework/src/Illuminate/Pipeline/Pipeline.php(103): Illuminate\\Pipeline\\Pipeline->Illuminate\\Pipeline\\{closure}()
#16 /opt/lampp81/htdocs/projects/eGrocerAdminPanel-v1.9.3/eGrocerAdminPanel/vendor/laravel/framework/src/Illuminate/Routing/Router.php(723): Illuminate\\Pipeline\\Pipeline->then()
#17 /opt/lampp81/htdocs/projects/eGrocerAdminPanel-v1.9.3/eGrocerAdminPanel/vendor/laravel/framework/src/Illuminate/Routing/Router.php(698): Illuminate\\Routing\\Router->runRouteWithinStack()
#18 /opt/lampp81/htdocs/projects/eGrocerAdminPanel-v1.9.3/eGrocerAdminPanel/vendor/laravel/framework/src/Illuminate/Routing/Router.php(662): Illuminate\\Routing\\Router->runRoute()
#19 /opt/lampp81/htdocs/projects/eGrocerAdminPanel-v1.9.3/eGrocerAdminPanel/vendor/laravel/framework/src/Illuminate/Routing/Router.php(651): Illuminate\\Routing\\Router->dispatchToRoute()
#20 /opt/lampp81/htdocs/projects/eGrocerAdminPanel-v1.9.3/eGrocerAdminPanel/vendor/laravel/framework/src/Illuminate/Foundation/Http/Kernel.php(167): Illuminate\\Routing\\Router->dispatch()
#21 /opt/lampp81/htdocs/projects/eGrocerAdminPanel-v1.9.3/eGrocerAdminPanel/vendor/laravel/framework/src/Illuminate/Pipeline/Pipeline.php(128): Illuminate\\Foundation\\Http\\Kernel->Illuminate\\Foundation\\Http\\{closure}()
#22 /opt/lampp81/htdocs/projects/eGrocerAdminPanel-v1.9.3/eGrocerAdminPanel/app/Http/Middleware/SetLang.php(82): Illuminate\\Pipeline\\Pipeline->Illuminate\\Pipeline\\{closure}()
#23 /opt/lampp81/htdocs/projects/eGrocerAdminPanel-v1.9.3/eGrocerAdminPanel/vendor/laravel/framework/src/Illuminate/Pipeline/Pipeline.php(167): App\\Http\\Middleware\\SetLang->handle()
#24 /opt/lampp81/htdocs/projects/eGrocerAdminPanel-v1.9.3/eGrocerAdminPanel/vendor/laravel/framework/src/Illuminate/Session/Middleware/StartSession.php(121): Illuminate\\Pipeline\\Pipeline->Illuminate\\Pipeline\\{closure}()
#25 /opt/lampp81/htdocs/projects/eGrocerAdminPanel-v1.9.3/eGrocerAdminPanel/vendor/laravel/framework/src/Illuminate/Session/Middleware/StartSession.php(64): Illuminate\\Session\\Middleware\\StartSession->handleStatefulRequest()
#26 /opt/lampp81/htdocs/projects/eGrocerAdminPanel-v1.9.3/eGrocerAdminPanel/vendor/laravel/framework/src/Illuminate/Pipeline/Pipeline.php(167): Illuminate\\Session\\Middleware\\StartSession->handle()
#27 /opt/lampp81/htdocs/projects/eGrocerAdminPanel-v1.9.3/eGrocerAdminPanel/vendor/laravel/framework/src/Illuminate/Foundation/Http/Middleware/TransformsRequest.php(21): Illuminate\\Pipeline\\Pipeline->Illuminate\\Pipeline\\{closure}()
#28 /opt/lampp81/htdocs/projects/eGrocerAdminPanel-v1.9.3/eGrocerAdminPanel/vendor/laravel/framework/src/Illuminate/Foundation/Http/Middleware/ConvertEmptyStringsToNull.php(31): Illuminate\\Foundation\\Http\\Middleware\\TransformsRequest->handle()
#29 /opt/lampp81/htdocs/projects/eGrocerAdminPanel-v1.9.3/eGrocerAdminPanel/vendor/laravel/framework/src/Illuminate/Pipeline/Pipeline.php(167): Illuminate\\Foundation\\Http\\Middleware\\ConvertEmptyStringsToNull->handle()
#30 /opt/lampp81/htdocs/projects/eGrocerAdminPanel-v1.9.3/eGrocerAdminPanel/vendor/laravel/framework/src/Illuminate/Foundation/Http/Middleware/TransformsRequest.php(21): Illuminate\\Pipeline\\Pipeline->Illuminate\\Pipeline\\{closure}()
#31 /opt/lampp81/htdocs/projects/eGrocerAdminPanel-v1.9.3/eGrocerAdminPanel/vendor/laravel/framework/src/Illuminate/Foundation/Http/Middleware/TrimStrings.php(40): Illuminate\\Foundation\\Http\\Middleware\\TransformsRequest->handle()
#32 /opt/lampp81/htdocs/projects/eGrocerAdminPanel-v1.9.3/eGrocerAdminPanel/vendor/laravel/framework/src/Illuminate/Pipeline/Pipeline.php(167): Illuminate\\Foundation\\Http\\Middleware\\TrimStrings->handle()
#33 /opt/lampp81/htdocs/projects/eGrocerAdminPanel-v1.9.3/eGrocerAdminPanel/vendor/laravel/framework/src/Illuminate/Foundation/Http/Middleware/ValidatePostSize.php(27): Illuminate\\Pipeline\\Pipeline->Illuminate\\Pipeline\\{closure}()
#34 /opt/lampp81/htdocs/projects/eGrocerAdminPanel-v1.9.3/eGrocerAdminPanel/vendor/laravel/framework/src/Illuminate/Pipeline/Pipeline.php(167): Illuminate\\Foundation\\Http\\Middleware\\ValidatePostSize->handle()
#35 /opt/lampp81/htdocs/projects/eGrocerAdminPanel-v1.9.3/eGrocerAdminPanel/vendor/laravel/framework/src/Illuminate/Foundation/Http/Middleware/PreventRequestsDuringMaintenance.php(86): Illuminate\\Pipeline\\Pipeline->Illuminate\\Pipeline\\{closure}()
#36 /opt/lampp81/htdocs/projects/eGrocerAdminPanel-v1.9.3/eGrocerAdminPanel/vendor/laravel/framework/src/Illuminate/Pipeline/Pipeline.php(167): Illuminate\\Foundation\\Http\\Middleware\\PreventRequestsDuringMaintenance->handle()
#37 /opt/lampp81/htdocs/projects/eGrocerAdminPanel-v1.9.3/eGrocerAdminPanel/vendor/fruitcake/laravel-cors/src/HandleCors.php(52): Illuminate\\Pipeline\\Pipeline->Illuminate\\Pipeline\\{closure}()
#38 /opt/lampp81/htdocs/projects/eGrocerAdminPanel-v1.9.3/eGrocerAdminPanel/vendor/laravel/framework/src/Illuminate/Pipeline/Pipeline.php(167): Fruitcake\\Cors\\HandleCors->handle()
#39 /opt/lampp81/htdocs/projects/eGrocerAdminPanel-v1.9.3/eGrocerAdminPanel/vendor/laravel/framework/src/Illuminate/Http/Middleware/TrustProxies.php(39): Illuminate\\Pipeline\\Pipeline->Illuminate\\Pipeline\\{closure}()
#40 /opt/lampp81/htdocs/projects/eGrocerAdminPanel-v1.9.3/eGrocerAdminPanel/vendor/laravel/framework/src/Illuminate/Pipeline/Pipeline.php(167): Illuminate\\Http\\Middleware\\TrustProxies->handle()
#41 /opt/lampp81/htdocs/projects/eGrocerAdminPanel-v1.9.3/eGrocerAdminPanel/vendor/laravel/framework/src/Illuminate/Pipeline/Pipeline.php(103): Illuminate\\Pipeline\\Pipeline->Illuminate\\Pipeline\\{closure}()
#42 /opt/lampp81/htdocs/projects/eGrocerAdminPanel-v1.9.3/eGrocerAdminPanel/vendor/laravel/framework/src/Illuminate/Foundation/Http/Kernel.php(142): Illuminate\\Pipeline\\Pipeline->then()
#43 /opt/lampp81/htdocs/projects/eGrocerAdminPanel-v1.9.3/eGrocerAdminPanel/vendor/laravel/framework/src/Illuminate/Foundation/Http/Kernel.php(111): Illuminate\\Foundation\\Http\\Kernel->sendRequestThroughRouter()
#44 /opt/lampp81/htdocs/projects/eGrocerAdminPanel-v1.9.3/eGrocerAdminPanel/public/index.php(60): Illuminate\\Foundation\\Http\\Kernel->handle()
#45 /opt/lampp81/htdocs/projects/eGrocerAdminPanel-v1.9.3/eGrocerAdminPanel/server.php(21): require_once('...')
#46 {main}
"} 
[2023-10-06 12:26:15] production.INFO: Number of sold out product : 0  
[2023-10-06 12:48:50] production.INFO: Number of sold out product : 0  
[2023-10-06 12:48:59] production.INFO: Number of sold out product : 0  
[2023-10-06 12:55:33] production.INFO: Number of sold out product : 0  
[2023-10-06 13:07:19] production.INFO: Number of sold out product : 0  
[2023-10-06 13:07:27] production.INFO: Number of sold out product : 0  
