[2023-10-10 03:59:44] production.ERROR: SQLSTATE[HY000] [1698] Access denied for user 'root'@'localhost' (SQL: select count(*) as aggregate from `settings` where `variable` = app_name) (View: /opt/lampp81/htdocs/projects/eGrocerAdminPanel-v1.9.3/eGrocerAdminPanel/resources/views/welcome.blade.php) {"view":{"view":"/opt/lampp81/htdocs/projects/eGrocerAdminPanel-v1.9.3/eGrocerAdminPanel/vendor/laravel/framework/src/Illuminate/Database/Connection.php","data":[]},"exception":"[object] (Facade\\Ignition\\Exceptions\\ViewException(code: 0): SQLSTATE[HY000] [1698] Access denied for user 'root'@'localhost' (SQL: select count(*) as aggregate from `settings` where `variable` = app_name) (View: /opt/lampp81/htdocs/projects/eGrocerAdminPanel-v1.9.3/eGrocerAdminPanel/resources/views/welcome.blade.php) at /opt/lampp81/htdocs/projects/eGrocerAdminPanel-v1.9.3/eGrocerAdminPanel/vendor/laravel/framework/src/Illuminate/Database/Connection.php:712)
[stacktrace]
#0 /opt/lampp81/htdocs/projects/eGrocerAdminPanel-v1.9.3/eGrocerAdminPanel/vendor/laravel/framework/src/Illuminate/Database/Connection.php(672): Illuminate\\Database\\Connection->runQueryCallback()
#1 /opt/lampp81/htdocs/projects/eGrocerAdminPanel-v1.9.3/eGrocerAdminPanel/vendor/laravel/framework/src/Illuminate/Database/Connection.php(376): Illuminate\\Database\\Connection->run()
#2 /opt/lampp81/htdocs/projects/eGrocerAdminPanel-v1.9.3/eGrocerAdminPanel/vendor/laravel/framework/src/Illuminate/Database/Query/Builder.php(2414): Illuminate\\Database\\Connection->select()
#3 /opt/lampp81/htdocs/projects/eGrocerAdminPanel-v1.9.3/eGrocerAdminPanel/vendor/laravel/framework/src/Illuminate/Database/Query/Builder.php(2402): Illuminate\\Database\\Query\\Builder->runSelect()
#4 /opt/lampp81/htdocs/projects/eGrocerAdminPanel-v1.9.3/eGrocerAdminPanel/vendor/laravel/framework/src/Illuminate/Database/Query/Builder.php(2936): Illuminate\\Database\\Query\\Builder->Illuminate\\Database\\Query\\{closure}()
#5 /opt/lampp81/htdocs/projects/eGrocerAdminPanel-v1.9.3/eGrocerAdminPanel/vendor/laravel/framework/src/Illuminate/Database/Query/Builder.php(2403): Illuminate\\Database\\Query\\Builder->onceWithColumns()
#6 /opt/lampp81/htdocs/projects/eGrocerAdminPanel-v1.9.3/eGrocerAdminPanel/vendor/laravel/framework/src/Illuminate/Database/Query/Builder.php(2863): Illuminate\\Database\\Query\\Builder->get()
#7 /opt/lampp81/htdocs/projects/eGrocerAdminPanel-v1.9.3/eGrocerAdminPanel/vendor/laravel/framework/src/Illuminate/Database/Query/Builder.php(2791): Illuminate\\Database\\Query\\Builder->aggregate()
#8 /opt/lampp81/htdocs/projects/eGrocerAdminPanel-v1.9.3/eGrocerAdminPanel/vendor/laravel/framework/src/Illuminate/Database/Eloquent/Builder.php(1657): Illuminate\\Database\\Query\\Builder->count()
#9 /opt/lampp81/htdocs/projects/eGrocerAdminPanel-v1.9.3/eGrocerAdminPanel/app/Models/Setting.php(20): Illuminate\\Database\\Eloquent\\Builder->__call()
#10 /opt/lampp81/htdocs/projects/eGrocerAdminPanel-v1.9.3/eGrocerAdminPanel/resources/views/welcome.blade.php(29): App\\Models\\Setting::get_value()
#11 /opt/lampp81/htdocs/projects/eGrocerAdminPanel-v1.9.3/eGrocerAdminPanel/vendor/laravel/framework/src/Illuminate/Filesystem/Filesystem.php(107): require('...')
#12 /opt/lampp81/htdocs/projects/eGrocerAdminPanel-v1.9.3/eGrocerAdminPanel/vendor/laravel/framework/src/Illuminate/Filesystem/Filesystem.php(108): Illuminate\\Filesystem\\Filesystem::Illuminate\\Filesystem\\{closure}()
#13 /opt/lampp81/htdocs/projects/eGrocerAdminPanel-v1.9.3/eGrocerAdminPanel/vendor/laravel/framework/src/Illuminate/View/Engines/PhpEngine.php(58): Illuminate\\Filesystem\\Filesystem->getRequire()
#14 /opt/lampp81/htdocs/projects/eGrocerAdminPanel-v1.9.3/eGrocerAdminPanel/vendor/laravel/framework/src/Illuminate/View/Engines/CompilerEngine.php(61): Illuminate\\View\\Engines\\PhpEngine->evaluatePath()
#15 /opt/lampp81/htdocs/projects/eGrocerAdminPanel-v1.9.3/eGrocerAdminPanel/vendor/facade/ignition/src/Views/Engines/CompilerEngine.php(37): Illuminate\\View\\Engines\\CompilerEngine->get()
#16 /opt/lampp81/htdocs/projects/eGrocerAdminPanel-v1.9.3/eGrocerAdminPanel/vendor/laravel/framework/src/Illuminate/View/View.php(139): Facade\\Ignition\\Views\\Engines\\CompilerEngine->get()
#17 /opt/lampp81/htdocs/projects/eGrocerAdminPanel-v1.9.3/eGrocerAdminPanel/vendor/laravel/framework/src/Illuminate/View/View.php(122): Illuminate\\View\\View->getContents()
#18 /opt/lampp81/htdocs/projects/eGrocerAdminPanel-v1.9.3/eGrocerAdminPanel/vendor/laravel/framework/src/Illuminate/View/View.php(91): Illuminate\\View\\View->renderContents()
#19 /opt/lampp81/htdocs/projects/eGrocerAdminPanel-v1.9.3/eGrocerAdminPanel/vendor/laravel/framework/src/Illuminate/Http/Response.php(69): Illuminate\\View\\View->render()
#20 /opt/lampp81/htdocs/projects/eGrocerAdminPanel-v1.9.3/eGrocerAdminPanel/vendor/laravel/framework/src/Illuminate/Http/Response.php(35): Illuminate\\Http\\Response->setContent()
#21 /opt/lampp81/htdocs/projects/eGrocerAdminPanel-v1.9.3/eGrocerAdminPanel/vendor/laravel/framework/src/Illuminate/Routing/Router.php(820): Illuminate\\Http\\Response->__construct()
#22 /opt/lampp81/htdocs/projects/eGrocerAdminPanel-v1.9.3/eGrocerAdminPanel/vendor/laravel/framework/src/Illuminate/Routing/Router.php(789): Illuminate\\Routing\\Router::toResponse()
#23 /opt/lampp81/htdocs/projects/eGrocerAdminPanel-v1.9.3/eGrocerAdminPanel/vendor/laravel/framework/src/Illuminate/Routing/Router.php(721): Illuminate\\Routing\\Router->prepareResponse()
#24 /opt/lampp81/htdocs/projects/eGrocerAdminPanel-v1.9.3/eGrocerAdminPanel/vendor/laravel/framework/src/Illuminate/Pipeline/Pipeline.php(128): Illuminate\\Routing\\Router->Illuminate\\Routing\\{closure}()
#25 /opt/lampp81/htdocs/projects/eGrocerAdminPanel-v1.9.3/eGrocerAdminPanel/vendor/laravel/framework/src/Illuminate/Routing/Middleware/SubstituteBindings.php(50): Illuminate\\Pipeline\\Pipeline->Illuminate\\Pipeline\\{closure}()
#26 /opt/lampp81/htdocs/projects/eGrocerAdminPanel-v1.9.3/eGrocerAdminPanel/vendor/laravel/framework/src/Illuminate/Pipeline/Pipeline.php(167): Illuminate\\Routing\\Middleware\\SubstituteBindings->handle()
#27 /opt/lampp81/htdocs/projects/eGrocerAdminPanel-v1.9.3/eGrocerAdminPanel/vendor/laravel/framework/src/Illuminate/Foundation/Http/Middleware/VerifyCsrfToken.php(78): Illuminate\\Pipeline\\Pipeline->Illuminate\\Pipeline\\{closure}()
#28 /opt/lampp81/htdocs/projects/eGrocerAdminPanel-v1.9.3/eGrocerAdminPanel/vendor/laravel/framework/src/Illuminate/Pipeline/Pipeline.php(167): Illuminate\\Foundation\\Http\\Middleware\\VerifyCsrfToken->handle()
#29 /opt/lampp81/htdocs/projects/eGrocerAdminPanel-v1.9.3/eGrocerAdminPanel/vendor/laravel/framework/src/Illuminate/View/Middleware/ShareErrorsFromSession.php(49): Illuminate\\Pipeline\\Pipeline->Illuminate\\Pipeline\\{closure}()
#30 /opt/lampp81/htdocs/projects/eGrocerAdminPanel-v1.9.3/eGrocerAdminPanel/vendor/laravel/framework/src/Illuminate/Pipeline/Pipeline.php(167): Illuminate\\View\\Middleware\\ShareErrorsFromSession->handle()
#31 /opt/lampp81/htdocs/projects/eGrocerAdminPanel-v1.9.3/eGrocerAdminPanel/vendor/laravel/framework/src/Illuminate/Cookie/Middleware/AddQueuedCookiesToResponse.php(37): Illuminate\\Pipeline\\Pipeline->Illuminate\\Pipeline\\{closure}()
#32 /opt/lampp81/htdocs/projects/eGrocerAdminPanel-v1.9.3/eGrocerAdminPanel/vendor/laravel/framework/src/Illuminate/Pipeline/Pipeline.php(167): Illuminate\\Cookie\\Middleware\\AddQueuedCookiesToResponse->handle()
#33 /opt/lampp81/htdocs/projects/eGrocerAdminPanel-v1.9.3/eGrocerAdminPanel/vendor/laravel/framework/src/Illuminate/Cookie/Middleware/EncryptCookies.php(67): Illuminate\\Pipeline\\Pipeline->Illuminate\\Pipeline\\{closure}()
#34 /opt/lampp81/htdocs/projects/eGrocerAdminPanel-v1.9.3/eGrocerAdminPanel/vendor/laravel/framework/src/Illuminate/Pipeline/Pipeline.php(167): Illuminate\\Cookie\\Middleware\\EncryptCookies->handle()
#35 /opt/lampp81/htdocs/projects/eGrocerAdminPanel-v1.9.3/eGrocerAdminPanel/vendor/laravel/framework/src/Illuminate/Pipeline/Pipeline.php(103): Illuminate\\Pipeline\\Pipeline->Illuminate\\Pipeline\\{closure}()
#36 /opt/lampp81/htdocs/projects/eGrocerAdminPanel-v1.9.3/eGrocerAdminPanel/vendor/laravel/framework/src/Illuminate/Routing/Router.php(723): Illuminate\\Pipeline\\Pipeline->then()
#37 /opt/lampp81/htdocs/projects/eGrocerAdminPanel-v1.9.3/eGrocerAdminPanel/vendor/laravel/framework/src/Illuminate/Routing/Router.php(698): Illuminate\\Routing\\Router->runRouteWithinStack()
#38 /opt/lampp81/htdocs/projects/eGrocerAdminPanel-v1.9.3/eGrocerAdminPanel/vendor/laravel/framework/src/Illuminate/Routing/Router.php(662): Illuminate\\Routing\\Router->runRoute()
#39 /opt/lampp81/htdocs/projects/eGrocerAdminPanel-v1.9.3/eGrocerAdminPanel/vendor/laravel/framework/src/Illuminate/Routing/Router.php(651): Illuminate\\Routing\\Router->dispatchToRoute()
#40 /opt/lampp81/htdocs/projects/eGrocerAdminPanel-v1.9.3/eGrocerAdminPanel/vendor/laravel/framework/src/Illuminate/Foundation/Http/Kernel.php(167): Illuminate\\Routing\\Router->dispatch()
#41 /opt/lampp81/htdocs/projects/eGrocerAdminPanel-v1.9.3/eGrocerAdminPanel/vendor/laravel/framework/src/Illuminate/Pipeline/Pipeline.php(128): Illuminate\\Foundation\\Http\\Kernel->Illuminate\\Foundation\\Http\\{closure}()
#42 /opt/lampp81/htdocs/projects/eGrocerAdminPanel-v1.9.3/eGrocerAdminPanel/app/Http/Middleware/SetLang.php(82): Illuminate\\Pipeline\\Pipeline->Illuminate\\Pipeline\\{closure}()
#43 /opt/lampp81/htdocs/projects/eGrocerAdminPanel-v1.9.3/eGrocerAdminPanel/vendor/laravel/framework/src/Illuminate/Pipeline/Pipeline.php(167): App\\Http\\Middleware\\SetLang->handle()
#44 /opt/lampp81/htdocs/projects/eGrocerAdminPanel-v1.9.3/eGrocerAdminPanel/vendor/laravel/framework/src/Illuminate/Session/Middleware/StartSession.php(121): Illuminate\\Pipeline\\Pipeline->Illuminate\\Pipeline\\{closure}()
#45 /opt/lampp81/htdocs/projects/eGrocerAdminPanel-v1.9.3/eGrocerAdminPanel/vendor/laravel/framework/src/Illuminate/Session/Middleware/StartSession.php(64): Illuminate\\Session\\Middleware\\StartSession->handleStatefulRequest()
#46 /opt/lampp81/htdocs/projects/eGrocerAdminPanel-v1.9.3/eGrocerAdminPanel/vendor/laravel/framework/src/Illuminate/Pipeline/Pipeline.php(167): Illuminate\\Session\\Middleware\\StartSession->handle()
#47 /opt/lampp81/htdocs/projects/eGrocerAdminPanel-v1.9.3/eGrocerAdminPanel/vendor/laravel/framework/src/Illuminate/Foundation/Http/Middleware/TransformsRequest.php(21): Illuminate\\Pipeline\\Pipeline->Illuminate\\Pipeline\\{closure}()
#48 /opt/lampp81/htdocs/projects/eGrocerAdminPanel-v1.9.3/eGrocerAdminPanel/vendor/laravel/framework/src/Illuminate/Foundation/Http/Middleware/ConvertEmptyStringsToNull.php(31): Illuminate\\Foundation\\Http\\Middleware\\TransformsRequest->handle()
#49 /opt/lampp81/htdocs/projects/eGrocerAdminPanel-v1.9.3/eGrocerAdminPanel/vendor/laravel/framework/src/Illuminate/Pipeline/Pipeline.php(167): Illuminate\\Foundation\\Http\\Middleware\\ConvertEmptyStringsToNull->handle()
#50 /opt/lampp81/htdocs/projects/eGrocerAdminPanel-v1.9.3/eGrocerAdminPanel/vendor/laravel/framework/src/Illuminate/Foundation/Http/Middleware/TransformsRequest.php(21): Illuminate\\Pipeline\\Pipeline->Illuminate\\Pipeline\\{closure}()
#51 /opt/lampp81/htdocs/projects/eGrocerAdminPanel-v1.9.3/eGrocerAdminPanel/vendor/laravel/framework/src/Illuminate/Foundation/Http/Middleware/TrimStrings.php(40): Illuminate\\Foundation\\Http\\Middleware\\TransformsRequest->handle()
#52 /opt/lampp81/htdocs/projects/eGrocerAdminPanel-v1.9.3/eGrocerAdminPanel/vendor/laravel/framework/src/Illuminate/Pipeline/Pipeline.php(167): Illuminate\\Foundation\\Http\\Middleware\\TrimStrings->handle()
#53 /opt/lampp81/htdocs/projects/eGrocerAdminPanel-v1.9.3/eGrocerAdminPanel/vendor/laravel/framework/src/Illuminate/Foundation/Http/Middleware/ValidatePostSize.php(27): Illuminate\\Pipeline\\Pipeline->Illuminate\\Pipeline\\{closure}()
#54 /opt/lampp81/htdocs/projects/eGrocerAdminPanel-v1.9.3/eGrocerAdminPanel/vendor/laravel/framework/src/Illuminate/Pipeline/Pipeline.php(167): Illuminate\\Foundation\\Http\\Middleware\\ValidatePostSize->handle()
#55 /opt/lampp81/htdocs/projects/eGrocerAdminPanel-v1.9.3/eGrocerAdminPanel/vendor/laravel/framework/src/Illuminate/Foundation/Http/Middleware/PreventRequestsDuringMaintenance.php(86): Illuminate\\Pipeline\\Pipeline->Illuminate\\Pipeline\\{closure}()
#56 /opt/lampp81/htdocs/projects/eGrocerAdminPanel-v1.9.3/eGrocerAdminPanel/vendor/laravel/framework/src/Illuminate/Pipeline/Pipeline.php(167): Illuminate\\Foundation\\Http\\Middleware\\PreventRequestsDuringMaintenance->handle()
#57 /opt/lampp81/htdocs/projects/eGrocerAdminPanel-v1.9.3/eGrocerAdminPanel/vendor/fruitcake/laravel-cors/src/HandleCors.php(38): Illuminate\\Pipeline\\Pipeline->Illuminate\\Pipeline\\{closure}()
#58 /opt/lampp81/htdocs/projects/eGrocerAdminPanel-v1.9.3/eGrocerAdminPanel/vendor/laravel/framework/src/Illuminate/Pipeline/Pipeline.php(167): Fruitcake\\Cors\\HandleCors->handle()
#59 /opt/lampp81/htdocs/projects/eGrocerAdminPanel-v1.9.3/eGrocerAdminPanel/vendor/laravel/framework/src/Illuminate/Http/Middleware/TrustProxies.php(39): Illuminate\\Pipeline\\Pipeline->Illuminate\\Pipeline\\{closure}()
#60 /opt/lampp81/htdocs/projects/eGrocerAdminPanel-v1.9.3/eGrocerAdminPanel/vendor/laravel/framework/src/Illuminate/Pipeline/Pipeline.php(167): Illuminate\\Http\\Middleware\\TrustProxies->handle()
#61 /opt/lampp81/htdocs/projects/eGrocerAdminPanel-v1.9.3/eGrocerAdminPanel/vendor/laravel/framework/src/Illuminate/Pipeline/Pipeline.php(103): Illuminate\\Pipeline\\Pipeline->Illuminate\\Pipeline\\{closure}()
#62 /opt/lampp81/htdocs/projects/eGrocerAdminPanel-v1.9.3/eGrocerAdminPanel/vendor/laravel/framework/src/Illuminate/Foundation/Http/Kernel.php(142): Illuminate\\Pipeline\\Pipeline->then()
#63 /opt/lampp81/htdocs/projects/eGrocerAdminPanel-v1.9.3/eGrocerAdminPanel/vendor/laravel/framework/src/Illuminate/Foundation/Http/Kernel.php(111): Illuminate\\Foundation\\Http\\Kernel->sendRequestThroughRouter()
#64 /opt/lampp81/htdocs/projects/eGrocerAdminPanel-v1.9.3/eGrocerAdminPanel/public/index.php(60): Illuminate\\Foundation\\Http\\Kernel->handle()
#65 /opt/lampp81/htdocs/projects/eGrocerAdminPanel-v1.9.3/eGrocerAdminPanel/server.php(21): require_once('...')
#66 {main}

[previous exception] [object] (Illuminate\\Database\\QueryException(code: 1698): SQLSTATE[HY000] [1698] Access denied for user 'root'@'localhost' (SQL: select count(*) as aggregate from `settings` where `variable` = app_name) at /opt/lampp81/htdocs/projects/eGrocerAdminPanel-v1.9.3/eGrocerAdminPanel/vendor/laravel/framework/src/Illuminate/Database/Connection.php:712)
[stacktrace]
#0 /opt/lampp81/htdocs/projects/eGrocerAdminPanel-v1.9.3/eGrocerAdminPanel/vendor/laravel/framework/src/Illuminate/Database/Connection.php(672): Illuminate\\Database\\Connection->runQueryCallback()
#1 /opt/lampp81/htdocs/projects/eGrocerAdminPanel-v1.9.3/eGrocerAdminPanel/vendor/laravel/framework/src/Illuminate/Database/Connection.php(376): Illuminate\\Database\\Connection->run()
#2 /opt/lampp81/htdocs/projects/eGrocerAdminPanel-v1.9.3/eGrocerAdminPanel/vendor/laravel/framework/src/Illuminate/Database/Query/Builder.php(2414): Illuminate\\Database\\Connection->select()
#3 /opt/lampp81/htdocs/projects/eGrocerAdminPanel-v1.9.3/eGrocerAdminPanel/vendor/laravel/framework/src/Illuminate/Database/Query/Builder.php(2402): Illuminate\\Database\\Query\\Builder->runSelect()
#4 /opt/lampp81/htdocs/projects/eGrocerAdminPanel-v1.9.3/eGrocerAdminPanel/vendor/laravel/framework/src/Illuminate/Database/Query/Builder.php(2936): Illuminate\\Database\\Query\\Builder->Illuminate\\Database\\Query\\{closure}()
#5 /opt/lampp81/htdocs/projects/eGrocerAdminPanel-v1.9.3/eGrocerAdminPanel/vendor/laravel/framework/src/Illuminate/Database/Query/Builder.php(2403): Illuminate\\Database\\Query\\Builder->onceWithColumns()
#6 /opt/lampp81/htdocs/projects/eGrocerAdminPanel-v1.9.3/eGrocerAdminPanel/vendor/laravel/framework/src/Illuminate/Database/Query/Builder.php(2863): Illuminate\\Database\\Query\\Builder->get()
#7 /opt/lampp81/htdocs/projects/eGrocerAdminPanel-v1.9.3/eGrocerAdminPanel/vendor/laravel/framework/src/Illuminate/Database/Query/Builder.php(2791): Illuminate\\Database\\Query\\Builder->aggregate()
#8 /opt/lampp81/htdocs/projects/eGrocerAdminPanel-v1.9.3/eGrocerAdminPanel/vendor/laravel/framework/src/Illuminate/Database/Eloquent/Builder.php(1657): Illuminate\\Database\\Query\\Builder->count()
#9 /opt/lampp81/htdocs/projects/eGrocerAdminPanel-v1.9.3/eGrocerAdminPanel/app/Models/Setting.php(20): Illuminate\\Database\\Eloquent\\Builder->__call()
#10 /opt/lampp81/htdocs/projects/eGrocerAdminPanel-v1.9.3/eGrocerAdminPanel/storage/framework/views/a26f34fbab4ca56d8fa0aa7df4242e209aceaa37.php(29): App\\Models\\Setting::get_value()
#11 /opt/lampp81/htdocs/projects/eGrocerAdminPanel-v1.9.3/eGrocerAdminPanel/vendor/laravel/framework/src/Illuminate/Filesystem/Filesystem.php(107): require('...')
#12 /opt/lampp81/htdocs/projects/eGrocerAdminPanel-v1.9.3/eGrocerAdminPanel/vendor/laravel/framework/src/Illuminate/Filesystem/Filesystem.php(108): Illuminate\\Filesystem\\Filesystem::Illuminate\\Filesystem\\{closure}()
#13 /opt/lampp81/htdocs/projects/eGrocerAdminPanel-v1.9.3/eGrocerAdminPanel/vendor/laravel/framework/src/Illuminate/View/Engines/PhpEngine.php(58): Illuminate\\Filesystem\\Filesystem->getRequire()
#14 /opt/lampp81/htdocs/projects/eGrocerAdminPanel-v1.9.3/eGrocerAdminPanel/vendor/laravel/framework/src/Illuminate/View/Engines/CompilerEngine.php(61): Illuminate\\View\\Engines\\PhpEngine->evaluatePath()
#15 /opt/lampp81/htdocs/projects/eGrocerAdminPanel-v1.9.3/eGrocerAdminPanel/vendor/facade/ignition/src/Views/Engines/CompilerEngine.php(37): Illuminate\\View\\Engines\\CompilerEngine->get()
#16 /opt/lampp81/htdocs/projects/eGrocerAdminPanel-v1.9.3/eGrocerAdminPanel/vendor/laravel/framework/src/Illuminate/View/View.php(139): Facade\\Ignition\\Views\\Engines\\CompilerEngine->get()
#17 /opt/lampp81/htdocs/projects/eGrocerAdminPanel-v1.9.3/eGrocerAdminPanel/vendor/laravel/framework/src/Illuminate/View/View.php(122): Illuminate\\View\\View->getContents()
#18 /opt/lampp81/htdocs/projects/eGrocerAdminPanel-v1.9.3/eGrocerAdminPanel/vendor/laravel/framework/src/Illuminate/View/View.php(91): Illuminate\\View\\View->renderContents()
#19 /opt/lampp81/htdocs/projects/eGrocerAdminPanel-v1.9.3/eGrocerAdminPanel/vendor/laravel/framework/src/Illuminate/Http/Response.php(69): Illuminate\\View\\View->render()
#20 /opt/lampp81/htdocs/projects/eGrocerAdminPanel-v1.9.3/eGrocerAdminPanel/vendor/laravel/framework/src/Illuminate/Http/Response.php(35): Illuminate\\Http\\Response->setContent()
#21 /opt/lampp81/htdocs/projects/eGrocerAdminPanel-v1.9.3/eGrocerAdminPanel/vendor/laravel/framework/src/Illuminate/Routing/Router.php(820): Illuminate\\Http\\Response->__construct()
#22 /opt/lampp81/htdocs/projects/eGrocerAdminPanel-v1.9.3/eGrocerAdminPanel/vendor/laravel/framework/src/Illuminate/Routing/Router.php(789): Illuminate\\Routing\\Router::toResponse()
#23 /opt/lampp81/htdocs/projects/eGrocerAdminPanel-v1.9.3/eGrocerAdminPanel/vendor/laravel/framework/src/Illuminate/Routing/Router.php(721): Illuminate\\Routing\\Router->prepareResponse()
#24 /opt/lampp81/htdocs/projects/eGrocerAdminPanel-v1.9.3/eGrocerAdminPanel/vendor/laravel/framework/src/Illuminate/Pipeline/Pipeline.php(128): Illuminate\\Routing\\Router->Illuminate\\Routing\\{closure}()
#25 /opt/lampp81/htdocs/projects/eGrocerAdminPanel-v1.9.3/eGrocerAdminPanel/vendor/laravel/framework/src/Illuminate/Routing/Middleware/SubstituteBindings.php(50): Illuminate\\Pipeline\\Pipeline->Illuminate\\Pipeline\\{closure}()
#26 /opt/lampp81/htdocs/projects/eGrocerAdminPanel-v1.9.3/eGrocerAdminPanel/vendor/laravel/framework/src/Illuminate/Pipeline/Pipeline.php(167): Illuminate\\Routing\\Middleware\\SubstituteBindings->handle()
#27 /opt/lampp81/htdocs/projects/eGrocerAdminPanel-v1.9.3/eGrocerAdminPanel/vendor/laravel/framework/src/Illuminate/Foundation/Http/Middleware/VerifyCsrfToken.php(78): Illuminate\\Pipeline\\Pipeline->Illuminate\\Pipeline\\{closure}()
#28 /opt/lampp81/htdocs/projects/eGrocerAdminPanel-v1.9.3/eGrocerAdminPanel/vendor/laravel/framework/src/Illuminate/Pipeline/Pipeline.php(167): Illuminate\\Foundation\\Http\\Middleware\\VerifyCsrfToken->handle()
#29 /opt/lampp81/htdocs/projects/eGrocerAdminPanel-v1.9.3/eGrocerAdminPanel/vendor/laravel/framework/src/Illuminate/View/Middleware/ShareErrorsFromSession.php(49): Illuminate\\Pipeline\\Pipeline->Illuminate\\Pipeline\\{closure}()
#30 /opt/lampp81/htdocs/projects/eGrocerAdminPanel-v1.9.3/eGrocerAdminPanel/vendor/laravel/framework/src/Illuminate/Pipeline/Pipeline.php(167): Illuminate\\View\\Middleware\\ShareErrorsFromSession->handle()
#31 /opt/lampp81/htdocs/projects/eGrocerAdminPanel-v1.9.3/eGrocerAdminPanel/vendor/laravel/framework/src/Illuminate/Cookie/Middleware/AddQueuedCookiesToResponse.php(37): Illuminate\\Pipeline\\Pipeline->Illuminate\\Pipeline\\{closure}()
#32 /opt/lampp81/htdocs/projects/eGrocerAdminPanel-v1.9.3/eGrocerAdminPanel/vendor/laravel/framework/src/Illuminate/Pipeline/Pipeline.php(167): Illuminate\\Cookie\\Middleware\\AddQueuedCookiesToResponse->handle()
#33 /opt/lampp81/htdocs/projects/eGrocerAdminPanel-v1.9.3/eGrocerAdminPanel/vendor/laravel/framework/src/Illuminate/Cookie/Middleware/EncryptCookies.php(67): Illuminate\\Pipeline\\Pipeline->Illuminate\\Pipeline\\{closure}()
#34 /opt/lampp81/htdocs/projects/eGrocerAdminPanel-v1.9.3/eGrocerAdminPanel/vendor/laravel/framework/src/Illuminate/Pipeline/Pipeline.php(167): Illuminate\\Cookie\\Middleware\\EncryptCookies->handle()
#35 /opt/lampp81/htdocs/projects/eGrocerAdminPanel-v1.9.3/eGrocerAdminPanel/vendor/laravel/framework/src/Illuminate/Pipeline/Pipeline.php(103): Illuminate\\Pipeline\\Pipeline->Illuminate\\Pipeline\\{closure}()
#36 /opt/lampp81/htdocs/projects/eGrocerAdminPanel-v1.9.3/eGrocerAdminPanel/vendor/laravel/framework/src/Illuminate/Routing/Router.php(723): Illuminate\\Pipeline\\Pipeline->then()
#37 /opt/lampp81/htdocs/projects/eGrocerAdminPanel-v1.9.3/eGrocerAdminPanel/vendor/laravel/framework/src/Illuminate/Routing/Router.php(698): Illuminate\\Routing\\Router->runRouteWithinStack()
#38 /opt/lampp81/htdocs/projects/eGrocerAdminPanel-v1.9.3/eGrocerAdminPanel/vendor/laravel/framework/src/Illuminate/Routing/Router.php(662): Illuminate\\Routing\\Router->runRoute()
#39 /opt/lampp81/htdocs/projects/eGrocerAdminPanel-v1.9.3/eGrocerAdminPanel/vendor/laravel/framework/src/Illuminate/Routing/Router.php(651): Illuminate\\Routing\\Router->dispatchToRoute()
#40 /opt/lampp81/htdocs/projects/eGrocerAdminPanel-v1.9.3/eGrocerAdminPanel/vendor/laravel/framework/src/Illuminate/Foundation/Http/Kernel.php(167): Illuminate\\Routing\\Router->dispatch()
#41 /opt/lampp81/htdocs/projects/eGrocerAdminPanel-v1.9.3/eGrocerAdminPanel/vendor/laravel/framework/src/Illuminate/Pipeline/Pipeline.php(128): Illuminate\\Foundation\\Http\\Kernel->Illuminate\\Foundation\\Http\\{closure}()
#42 /opt/lampp81/htdocs/projects/eGrocerAdminPanel-v1.9.3/eGrocerAdminPanel/app/Http/Middleware/SetLang.php(82): Illuminate\\Pipeline\\Pipeline->Illuminate\\Pipeline\\{closure}()
#43 /opt/lampp81/htdocs/projects/eGrocerAdminPanel-v1.9.3/eGrocerAdminPanel/vendor/laravel/framework/src/Illuminate/Pipeline/Pipeline.php(167): App\\Http\\Middleware\\SetLang->handle()
#44 /opt/lampp81/htdocs/projects/eGrocerAdminPanel-v1.9.3/eGrocerAdminPanel/vendor/laravel/framework/src/Illuminate/Session/Middleware/StartSession.php(121): Illuminate\\Pipeline\\Pipeline->Illuminate\\Pipeline\\{closure}()
#45 /opt/lampp81/htdocs/projects/eGrocerAdminPanel-v1.9.3/eGrocerAdminPanel/vendor/laravel/framework/src/Illuminate/Session/Middleware/StartSession.php(64): Illuminate\\Session\\Middleware\\StartSession->handleStatefulRequest()
#46 /opt/lampp81/htdocs/projects/eGrocerAdminPanel-v1.9.3/eGrocerAdminPanel/vendor/laravel/framework/src/Illuminate/Pipeline/Pipeline.php(167): Illuminate\\Session\\Middleware\\StartSession->handle()
#47 /opt/lampp81/htdocs/projects/eGrocerAdminPanel-v1.9.3/eGrocerAdminPanel/vendor/laravel/framework/src/Illuminate/Foundation/Http/Middleware/TransformsRequest.php(21): Illuminate\\Pipeline\\Pipeline->Illuminate\\Pipeline\\{closure}()
#48 /opt/lampp81/htdocs/projects/eGrocerAdminPanel-v1.9.3/eGrocerAdminPanel/vendor/laravel/framework/src/Illuminate/Foundation/Http/Middleware/ConvertEmptyStringsToNull.php(31): Illuminate\\Foundation\\Http\\Middleware\\TransformsRequest->handle()
#49 /opt/lampp81/htdocs/projects/eGrocerAdminPanel-v1.9.3/eGrocerAdminPanel/vendor/laravel/framework/src/Illuminate/Pipeline/Pipeline.php(167): Illuminate\\Foundation\\Http\\Middleware\\ConvertEmptyStringsToNull->handle()
#50 /opt/lampp81/htdocs/projects/eGrocerAdminPanel-v1.9.3/eGrocerAdminPanel/vendor/laravel/framework/src/Illuminate/Foundation/Http/Middleware/TransformsRequest.php(21): Illuminate\\Pipeline\\Pipeline->Illuminate\\Pipeline\\{closure}()
#51 /opt/lampp81/htdocs/projects/eGrocerAdminPanel-v1.9.3/eGrocerAdminPanel/vendor/laravel/framework/src/Illuminate/Foundation/Http/Middleware/TrimStrings.php(40): Illuminate\\Foundation\\Http\\Middleware\\TransformsRequest->handle()
#52 /opt/lampp81/htdocs/projects/eGrocerAdminPanel-v1.9.3/eGrocerAdminPanel/vendor/laravel/framework/src/Illuminate/Pipeline/Pipeline.php(167): Illuminate\\Foundation\\Http\\Middleware\\TrimStrings->handle()
#53 /opt/lampp81/htdocs/projects/eGrocerAdminPanel-v1.9.3/eGrocerAdminPanel/vendor/laravel/framework/src/Illuminate/Foundation/Http/Middleware/ValidatePostSize.php(27): Illuminate\\Pipeline\\Pipeline->Illuminate\\Pipeline\\{closure}()
#54 /opt/lampp81/htdocs/projects/eGrocerAdminPanel-v1.9.3/eGrocerAdminPanel/vendor/laravel/framework/src/Illuminate/Pipeline/Pipeline.php(167): Illuminate\\Foundation\\Http\\Middleware\\ValidatePostSize->handle()
#55 /opt/lampp81/htdocs/projects/eGrocerAdminPanel-v1.9.3/eGrocerAdminPanel/vendor/laravel/framework/src/Illuminate/Foundation/Http/Middleware/PreventRequestsDuringMaintenance.php(86): Illuminate\\Pipeline\\Pipeline->Illuminate\\Pipeline\\{closure}()
#56 /opt/lampp81/htdocs/projects/eGrocerAdminPanel-v1.9.3/eGrocerAdminPanel/vendor/laravel/framework/src/Illuminate/Pipeline/Pipeline.php(167): Illuminate\\Foundation\\Http\\Middleware\\PreventRequestsDuringMaintenance->handle()
#57 /opt/lampp81/htdocs/projects/eGrocerAdminPanel-v1.9.3/eGrocerAdminPanel/vendor/fruitcake/laravel-cors/src/HandleCors.php(38): Illuminate\\Pipeline\\Pipeline->Illuminate\\Pipeline\\{closure}()
#58 /opt/lampp81/htdocs/projects/eGrocerAdminPanel-v1.9.3/eGrocerAdminPanel/vendor/laravel/framework/src/Illuminate/Pipeline/Pipeline.php(167): Fruitcake\\Cors\\HandleCors->handle()
#59 /opt/lampp81/htdocs/projects/eGrocerAdminPanel-v1.9.3/eGrocerAdminPanel/vendor/laravel/framework/src/Illuminate/Http/Middleware/TrustProxies.php(39): Illuminate\\Pipeline\\Pipeline->Illuminate\\Pipeline\\{closure}()
#60 /opt/lampp81/htdocs/projects/eGrocerAdminPanel-v1.9.3/eGrocerAdminPanel/vendor/laravel/framework/src/Illuminate/Pipeline/Pipeline.php(167): Illuminate\\Http\\Middleware\\TrustProxies->handle()
#61 /opt/lampp81/htdocs/projects/eGrocerAdminPanel-v1.9.3/eGrocerAdminPanel/vendor/laravel/framework/src/Illuminate/Pipeline/Pipeline.php(103): Illuminate\\Pipeline\\Pipeline->Illuminate\\Pipeline\\{closure}()
#62 /opt/lampp81/htdocs/projects/eGrocerAdminPanel-v1.9.3/eGrocerAdminPanel/vendor/laravel/framework/src/Illuminate/Foundation/Http/Kernel.php(142): Illuminate\\Pipeline\\Pipeline->then()
#63 /opt/lampp81/htdocs/projects/eGrocerAdminPanel-v1.9.3/eGrocerAdminPanel/vendor/laravel/framework/src/Illuminate/Foundation/Http/Kernel.php(111): Illuminate\\Foundation\\Http\\Kernel->sendRequestThroughRouter()
#64 /opt/lampp81/htdocs/projects/eGrocerAdminPanel-v1.9.3/eGrocerAdminPanel/public/index.php(60): Illuminate\\Foundation\\Http\\Kernel->handle()
#65 /opt/lampp81/htdocs/projects/eGrocerAdminPanel-v1.9.3/eGrocerAdminPanel/server.php(21): require_once('...')
#66 {main}

[previous exception] [object] (PDOException(code: 1698): SQLSTATE[HY000] [1698] Access denied for user 'root'@'localhost' at /opt/lampp81/htdocs/projects/eGrocerAdminPanel-v1.9.3/eGrocerAdminPanel/vendor/laravel/framework/src/Illuminate/Database/Connectors/Connector.php:70)
[stacktrace]
#0 /opt/lampp81/htdocs/projects/eGrocerAdminPanel-v1.9.3/eGrocerAdminPanel/vendor/laravel/framework/src/Illuminate/Database/Connectors/Connector.php(70): PDO->__construct()
#1 /opt/lampp81/htdocs/projects/eGrocerAdminPanel-v1.9.3/eGrocerAdminPanel/vendor/laravel/framework/src/Illuminate/Database/Connectors/Connector.php(46): Illuminate\\Database\\Connectors\\Connector->createPdoConnection()
#2 /opt/lampp81/htdocs/projects/eGrocerAdminPanel-v1.9.3/eGrocerAdminPanel/vendor/laravel/framework/src/Illuminate/Database/Connectors/MySqlConnector.php(24): Illuminate\\Database\\Connectors\\Connector->createConnection()
#3 /opt/lampp81/htdocs/projects/eGrocerAdminPanel-v1.9.3/eGrocerAdminPanel/vendor/laravel/framework/src/Illuminate/Database/Connectors/ConnectionFactory.php(184): Illuminate\\Database\\Connectors\\MySqlConnector->connect()
#4 [internal function]: Illuminate\\Database\\Connectors\\ConnectionFactory->Illuminate\\Database\\Connectors\\{closure}()
#5 /opt/lampp81/htdocs/projects/eGrocerAdminPanel-v1.9.3/eGrocerAdminPanel/vendor/laravel/framework/src/Illuminate/Database/Connection.php(1064): call_user_func()
#6 /opt/lampp81/htdocs/projects/eGrocerAdminPanel-v1.9.3/eGrocerAdminPanel/vendor/laravel/framework/src/Illuminate/Database/Connection.php(1100): Illuminate\\Database\\Connection->getPdo()
#7 /opt/lampp81/htdocs/projects/eGrocerAdminPanel-v1.9.3/eGrocerAdminPanel/vendor/laravel/framework/src/Illuminate/Database/Connection.php(442): Illuminate\\Database\\Connection->getReadPdo()
#8 /opt/lampp81/htdocs/projects/eGrocerAdminPanel-v1.9.3/eGrocerAdminPanel/vendor/laravel/framework/src/Illuminate/Database/Connection.php(368): Illuminate\\Database\\Connection->getPdoForSelect()
#9 /opt/lampp81/htdocs/projects/eGrocerAdminPanel-v1.9.3/eGrocerAdminPanel/vendor/laravel/framework/src/Illuminate/Database/Connection.php(705): Illuminate\\Database\\Connection->Illuminate\\Database\\{closure}()
#10 /opt/lampp81/htdocs/projects/eGrocerAdminPanel-v1.9.3/eGrocerAdminPanel/vendor/laravel/framework/src/Illuminate/Database/Connection.php(672): Illuminate\\Database\\Connection->runQueryCallback()
#11 /opt/lampp81/htdocs/projects/eGrocerAdminPanel-v1.9.3/eGrocerAdminPanel/vendor/laravel/framework/src/Illuminate/Database/Connection.php(376): Illuminate\\Database\\Connection->run()
#12 /opt/lampp81/htdocs/projects/eGrocerAdminPanel-v1.9.3/eGrocerAdminPanel/vendor/laravel/framework/src/Illuminate/Database/Query/Builder.php(2414): Illuminate\\Database\\Connection->select()
#13 /opt/lampp81/htdocs/projects/eGrocerAdminPanel-v1.9.3/eGrocerAdminPanel/vendor/laravel/framework/src/Illuminate/Database/Query/Builder.php(2402): Illuminate\\Database\\Query\\Builder->runSelect()
#14 /opt/lampp81/htdocs/projects/eGrocerAdminPanel-v1.9.3/eGrocerAdminPanel/vendor/laravel/framework/src/Illuminate/Database/Query/Builder.php(2936): Illuminate\\Database\\Query\\Builder->Illuminate\\Database\\Query\\{closure}()
#15 /opt/lampp81/htdocs/projects/eGrocerAdminPanel-v1.9.3/eGrocerAdminPanel/vendor/laravel/framework/src/Illuminate/Database/Query/Builder.php(2403): Illuminate\\Database\\Query\\Builder->onceWithColumns()
#16 /opt/lampp81/htdocs/projects/eGrocerAdminPanel-v1.9.3/eGrocerAdminPanel/vendor/laravel/framework/src/Illuminate/Database/Query/Builder.php(2863): Illuminate\\Database\\Query\\Builder->get()
#17 /opt/lampp81/htdocs/projects/eGrocerAdminPanel-v1.9.3/eGrocerAdminPanel/vendor/laravel/framework/src/Illuminate/Database/Query/Builder.php(2791): Illuminate\\Database\\Query\\Builder->aggregate()
#18 /opt/lampp81/htdocs/projects/eGrocerAdminPanel-v1.9.3/eGrocerAdminPanel/vendor/laravel/framework/src/Illuminate/Database/Eloquent/Builder.php(1657): Illuminate\\Database\\Query\\Builder->count()
#19 /opt/lampp81/htdocs/projects/eGrocerAdminPanel-v1.9.3/eGrocerAdminPanel/app/Models/Setting.php(20): Illuminate\\Database\\Eloquent\\Builder->__call()
#20 /opt/lampp81/htdocs/projects/eGrocerAdminPanel-v1.9.3/eGrocerAdminPanel/storage/framework/views/a26f34fbab4ca56d8fa0aa7df4242e209aceaa37.php(29): App\\Models\\Setting::get_value()
#21 /opt/lampp81/htdocs/projects/eGrocerAdminPanel-v1.9.3/eGrocerAdminPanel/vendor/laravel/framework/src/Illuminate/Filesystem/Filesystem.php(107): require('...')
#22 /opt/lampp81/htdocs/projects/eGrocerAdminPanel-v1.9.3/eGrocerAdminPanel/vendor/laravel/framework/src/Illuminate/Filesystem/Filesystem.php(108): Illuminate\\Filesystem\\Filesystem::Illuminate\\Filesystem\\{closure}()
#23 /opt/lampp81/htdocs/projects/eGrocerAdminPanel-v1.9.3/eGrocerAdminPanel/vendor/laravel/framework/src/Illuminate/View/Engines/PhpEngine.php(58): Illuminate\\Filesystem\\Filesystem->getRequire()
#24 /opt/lampp81/htdocs/projects/eGrocerAdminPanel-v1.9.3/eGrocerAdminPanel/vendor/laravel/framework/src/Illuminate/View/Engines/CompilerEngine.php(61): Illuminate\\View\\Engines\\PhpEngine->evaluatePath()
#25 /opt/lampp81/htdocs/projects/eGrocerAdminPanel-v1.9.3/eGrocerAdminPanel/vendor/facade/ignition/src/Views/Engines/CompilerEngine.php(37): Illuminate\\View\\Engines\\CompilerEngine->get()
#26 /opt/lampp81/htdocs/projects/eGrocerAdminPanel-v1.9.3/eGrocerAdminPanel/vendor/laravel/framework/src/Illuminate/View/View.php(139): Facade\\Ignition\\Views\\Engines\\CompilerEngine->get()
#27 /opt/lampp81/htdocs/projects/eGrocerAdminPanel-v1.9.3/eGrocerAdminPanel/vendor/laravel/framework/src/Illuminate/View/View.php(122): Illuminate\\View\\View->getContents()
#28 /opt/lampp81/htdocs/projects/eGrocerAdminPanel-v1.9.3/eGrocerAdminPanel/vendor/laravel/framework/src/Illuminate/View/View.php(91): Illuminate\\View\\View->renderContents()
#29 /opt/lampp81/htdocs/projects/eGrocerAdminPanel-v1.9.3/eGrocerAdminPanel/vendor/laravel/framework/src/Illuminate/Http/Response.php(69): Illuminate\\View\\View->render()
#30 /opt/lampp81/htdocs/projects/eGrocerAdminPanel-v1.9.3/eGrocerAdminPanel/vendor/laravel/framework/src/Illuminate/Http/Response.php(35): Illuminate\\Http\\Response->setContent()
#31 /opt/lampp81/htdocs/projects/eGrocerAdminPanel-v1.9.3/eGrocerAdminPanel/vendor/laravel/framework/src/Illuminate/Routing/Router.php(820): Illuminate\\Http\\Response->__construct()
#32 /opt/lampp81/htdocs/projects/eGrocerAdminPanel-v1.9.3/eGrocerAdminPanel/vendor/laravel/framework/src/Illuminate/Routing/Router.php(789): Illuminate\\Routing\\Router::toResponse()
#33 /opt/lampp81/htdocs/projects/eGrocerAdminPanel-v1.9.3/eGrocerAdminPanel/vendor/laravel/framework/src/Illuminate/Routing/Router.php(721): Illuminate\\Routing\\Router->prepareResponse()
#34 /opt/lampp81/htdocs/projects/eGrocerAdminPanel-v1.9.3/eGrocerAdminPanel/vendor/laravel/framework/src/Illuminate/Pipeline/Pipeline.php(128): Illuminate\\Routing\\Router->Illuminate\\Routing\\{closure}()
#35 /opt/lampp81/htdocs/projects/eGrocerAdminPanel-v1.9.3/eGrocerAdminPanel/vendor/laravel/framework/src/Illuminate/Routing/Middleware/SubstituteBindings.php(50): Illuminate\\Pipeline\\Pipeline->Illuminate\\Pipeline\\{closure}()
#36 /opt/lampp81/htdocs/projects/eGrocerAdminPanel-v1.9.3/eGrocerAdminPanel/vendor/laravel/framework/src/Illuminate/Pipeline/Pipeline.php(167): Illuminate\\Routing\\Middleware\\SubstituteBindings->handle()
#37 /opt/lampp81/htdocs/projects/eGrocerAdminPanel-v1.9.3/eGrocerAdminPanel/vendor/laravel/framework/src/Illuminate/Foundation/Http/Middleware/VerifyCsrfToken.php(78): Illuminate\\Pipeline\\Pipeline->Illuminate\\Pipeline\\{closure}()
#38 /opt/lampp81/htdocs/projects/eGrocerAdminPanel-v1.9.3/eGrocerAdminPanel/vendor/laravel/framework/src/Illuminate/Pipeline/Pipeline.php(167): Illuminate\\Foundation\\Http\\Middleware\\VerifyCsrfToken->handle()
#39 /opt/lampp81/htdocs/projects/eGrocerAdminPanel-v1.9.3/eGrocerAdminPanel/vendor/laravel/framework/src/Illuminate/View/Middleware/ShareErrorsFromSession.php(49): Illuminate\\Pipeline\\Pipeline->Illuminate\\Pipeline\\{closure}()
#40 /opt/lampp81/htdocs/projects/eGrocerAdminPanel-v1.9.3/eGrocerAdminPanel/vendor/laravel/framework/src/Illuminate/Pipeline/Pipeline.php(167): Illuminate\\View\\Middleware\\ShareErrorsFromSession->handle()
#41 /opt/lampp81/htdocs/projects/eGrocerAdminPanel-v1.9.3/eGrocerAdminPanel/vendor/laravel/framework/src/Illuminate/Cookie/Middleware/AddQueuedCookiesToResponse.php(37): Illuminate\\Pipeline\\Pipeline->Illuminate\\Pipeline\\{closure}()
#42 /opt/lampp81/htdocs/projects/eGrocerAdminPanel-v1.9.3/eGrocerAdminPanel/vendor/laravel/framework/src/Illuminate/Pipeline/Pipeline.php(167): Illuminate\\Cookie\\Middleware\\AddQueuedCookiesToResponse->handle()
#43 /opt/lampp81/htdocs/projects/eGrocerAdminPanel-v1.9.3/eGrocerAdminPanel/vendor/laravel/framework/src/Illuminate/Cookie/Middleware/EncryptCookies.php(67): Illuminate\\Pipeline\\Pipeline->Illuminate\\Pipeline\\{closure}()
#44 /opt/lampp81/htdocs/projects/eGrocerAdminPanel-v1.9.3/eGrocerAdminPanel/vendor/laravel/framework/src/Illuminate/Pipeline/Pipeline.php(167): Illuminate\\Cookie\\Middleware\\EncryptCookies->handle()
#45 /opt/lampp81/htdocs/projects/eGrocerAdminPanel-v1.9.3/eGrocerAdminPanel/vendor/laravel/framework/src/Illuminate/Pipeline/Pipeline.php(103): Illuminate\\Pipeline\\Pipeline->Illuminate\\Pipeline\\{closure}()
#46 /opt/lampp81/htdocs/projects/eGrocerAdminPanel-v1.9.3/eGrocerAdminPanel/vendor/laravel/framework/src/Illuminate/Routing/Router.php(723): Illuminate\\Pipeline\\Pipeline->then()
#47 /opt/lampp81/htdocs/projects/eGrocerAdminPanel-v1.9.3/eGrocerAdminPanel/vendor/laravel/framework/src/Illuminate/Routing/Router.php(698): Illuminate\\Routing\\Router->runRouteWithinStack()
#48 /opt/lampp81/htdocs/projects/eGrocerAdminPanel-v1.9.3/eGrocerAdminPanel/vendor/laravel/framework/src/Illuminate/Routing/Router.php(662): Illuminate\\Routing\\Router->runRoute()
#49 /opt/lampp81/htdocs/projects/eGrocerAdminPanel-v1.9.3/eGrocerAdminPanel/vendor/laravel/framework/src/Illuminate/Routing/Router.php(651): Illuminate\\Routing\\Router->dispatchToRoute()
#50 /opt/lampp81/htdocs/projects/eGrocerAdminPanel-v1.9.3/eGrocerAdminPanel/vendor/laravel/framework/src/Illuminate/Foundation/Http/Kernel.php(167): Illuminate\\Routing\\Router->dispatch()
#51 /opt/lampp81/htdocs/projects/eGrocerAdminPanel-v1.9.3/eGrocerAdminPanel/vendor/laravel/framework/src/Illuminate/Pipeline/Pipeline.php(128): Illuminate\\Foundation\\Http\\Kernel->Illuminate\\Foundation\\Http\\{closure}()
#52 /opt/lampp81/htdocs/projects/eGrocerAdminPanel-v1.9.3/eGrocerAdminPanel/app/Http/Middleware/SetLang.php(82): Illuminate\\Pipeline\\Pipeline->Illuminate\\Pipeline\\{closure}()
#53 /opt/lampp81/htdocs/projects/eGrocerAdminPanel-v1.9.3/eGrocerAdminPanel/vendor/laravel/framework/src/Illuminate/Pipeline/Pipeline.php(167): App\\Http\\Middleware\\SetLang->handle()
#54 /opt/lampp81/htdocs/projects/eGrocerAdminPanel-v1.9.3/eGrocerAdminPanel/vendor/laravel/framework/src/Illuminate/Session/Middleware/StartSession.php(121): Illuminate\\Pipeline\\Pipeline->Illuminate\\Pipeline\\{closure}()
#55 /opt/lampp81/htdocs/projects/eGrocerAdminPanel-v1.9.3/eGrocerAdminPanel/vendor/laravel/framework/src/Illuminate/Session/Middleware/StartSession.php(64): Illuminate\\Session\\Middleware\\StartSession->handleStatefulRequest()
#56 /opt/lampp81/htdocs/projects/eGrocerAdminPanel-v1.9.3/eGrocerAdminPanel/vendor/laravel/framework/src/Illuminate/Pipeline/Pipeline.php(167): Illuminate\\Session\\Middleware\\StartSession->handle()
#57 /opt/lampp81/htdocs/projects/eGrocerAdminPanel-v1.9.3/eGrocerAdminPanel/vendor/laravel/framework/src/Illuminate/Foundation/Http/Middleware/TransformsRequest.php(21): Illuminate\\Pipeline\\Pipeline->Illuminate\\Pipeline\\{closure}()
#58 /opt/lampp81/htdocs/projects/eGrocerAdminPanel-v1.9.3/eGrocerAdminPanel/vendor/laravel/framework/src/Illuminate/Foundation/Http/Middleware/ConvertEmptyStringsToNull.php(31): Illuminate\\Foundation\\Http\\Middleware\\TransformsRequest->handle()
#59 /opt/lampp81/htdocs/projects/eGrocerAdminPanel-v1.9.3/eGrocerAdminPanel/vendor/laravel/framework/src/Illuminate/Pipeline/Pipeline.php(167): Illuminate\\Foundation\\Http\\Middleware\\ConvertEmptyStringsToNull->handle()
#60 /opt/lampp81/htdocs/projects/eGrocerAdminPanel-v1.9.3/eGrocerAdminPanel/vendor/laravel/framework/src/Illuminate/Foundation/Http/Middleware/TransformsRequest.php(21): Illuminate\\Pipeline\\Pipeline->Illuminate\\Pipeline\\{closure}()
#61 /opt/lampp81/htdocs/projects/eGrocerAdminPanel-v1.9.3/eGrocerAdminPanel/vendor/laravel/framework/src/Illuminate/Foundation/Http/Middleware/TrimStrings.php(40): Illuminate\\Foundation\\Http\\Middleware\\TransformsRequest->handle()
#62 /opt/lampp81/htdocs/projects/eGrocerAdminPanel-v1.9.3/eGrocerAdminPanel/vendor/laravel/framework/src/Illuminate/Pipeline/Pipeline.php(167): Illuminate\\Foundation\\Http\\Middleware\\TrimStrings->handle()
#63 /opt/lampp81/htdocs/projects/eGrocerAdminPanel-v1.9.3/eGrocerAdminPanel/vendor/laravel/framework/src/Illuminate/Foundation/Http/Middleware/ValidatePostSize.php(27): Illuminate\\Pipeline\\Pipeline->Illuminate\\Pipeline\\{closure}()
#64 /opt/lampp81/htdocs/projects/eGrocerAdminPanel-v1.9.3/eGrocerAdminPanel/vendor/laravel/framework/src/Illuminate/Pipeline/Pipeline.php(167): Illuminate\\Foundation\\Http\\Middleware\\ValidatePostSize->handle()
#65 /opt/lampp81/htdocs/projects/eGrocerAdminPanel-v1.9.3/eGrocerAdminPanel/vendor/laravel/framework/src/Illuminate/Foundation/Http/Middleware/PreventRequestsDuringMaintenance.php(86): Illuminate\\Pipeline\\Pipeline->Illuminate\\Pipeline\\{closure}()
#66 /opt/lampp81/htdocs/projects/eGrocerAdminPanel-v1.9.3/eGrocerAdminPanel/vendor/laravel/framework/src/Illuminate/Pipeline/Pipeline.php(167): Illuminate\\Foundation\\Http\\Middleware\\PreventRequestsDuringMaintenance->handle()
#67 /opt/lampp81/htdocs/projects/eGrocerAdminPanel-v1.9.3/eGrocerAdminPanel/vendor/fruitcake/laravel-cors/src/HandleCors.php(38): Illuminate\\Pipeline\\Pipeline->Illuminate\\Pipeline\\{closure}()
#68 /opt/lampp81/htdocs/projects/eGrocerAdminPanel-v1.9.3/eGrocerAdminPanel/vendor/laravel/framework/src/Illuminate/Pipeline/Pipeline.php(167): Fruitcake\\Cors\\HandleCors->handle()
#69 /opt/lampp81/htdocs/projects/eGrocerAdminPanel-v1.9.3/eGrocerAdminPanel/vendor/laravel/framework/src/Illuminate/Http/Middleware/TrustProxies.php(39): Illuminate\\Pipeline\\Pipeline->Illuminate\\Pipeline\\{closure}()
#70 /opt/lampp81/htdocs/projects/eGrocerAdminPanel-v1.9.3/eGrocerAdminPanel/vendor/laravel/framework/src/Illuminate/Pipeline/Pipeline.php(167): Illuminate\\Http\\Middleware\\TrustProxies->handle()
#71 /opt/lampp81/htdocs/projects/eGrocerAdminPanel-v1.9.3/eGrocerAdminPanel/vendor/laravel/framework/src/Illuminate/Pipeline/Pipeline.php(103): Illuminate\\Pipeline\\Pipeline->Illuminate\\Pipeline\\{closure}()
#72 /opt/lampp81/htdocs/projects/eGrocerAdminPanel-v1.9.3/eGrocerAdminPanel/vendor/laravel/framework/src/Illuminate/Foundation/Http/Kernel.php(142): Illuminate\\Pipeline\\Pipeline->then()
#73 /opt/lampp81/htdocs/projects/eGrocerAdminPanel-v1.9.3/eGrocerAdminPanel/vendor/laravel/framework/src/Illuminate/Foundation/Http/Kernel.php(111): Illuminate\\Foundation\\Http\\Kernel->sendRequestThroughRouter()
#74 /opt/lampp81/htdocs/projects/eGrocerAdminPanel-v1.9.3/eGrocerAdminPanel/public/index.php(60): Illuminate\\Foundation\\Http\\Kernel->handle()
#75 /opt/lampp81/htdocs/projects/eGrocerAdminPanel-v1.9.3/eGrocerAdminPanel/server.php(21): require_once('...')
#76 {main}
"} 
[2023-10-10 04:00:07] production.INFO: Number of sold out product : 0  
[2023-10-10 04:00:09] production.INFO: Number of sold out product : 0  
[2023-10-10 04:00:24] production.INFO: Number of sold out product : 0  
[2023-10-10 09:05:05] production.INFO: Number of sold out product : 0  
[2023-10-10 09:06:03] production.INFO: Number of sold out product : 0  
[2023-10-10 11:07:01] production.INFO: Number of sold out product : 0  
[2023-10-10 11:56:41] production.ERROR: foreach() argument must be of type array|object, null given {"userId":1,"exception":"[object] (ErrorException(code: 0): foreach() argument must be of type array|object, null given at /opt/lampp81/htdocs/projects/eGrocerAdminPanel-v1.9.3/eGrocerAdminPanel/app/Http/Controllers/API/ProductApiController.php:338)
[stacktrace]
#0 /opt/lampp81/htdocs/projects/eGrocerAdminPanel-v1.9.3/eGrocerAdminPanel/app/Http/Controllers/API/ProductApiController.php(338): Illuminate\\Foundation\\Bootstrap\\HandleExceptions->handleError()
#1 /opt/lampp81/htdocs/projects/eGrocerAdminPanel-v1.9.3/eGrocerAdminPanel/vendor/laravel/framework/src/Illuminate/Routing/Controller.php(54): App\\Http\\Controllers\\API\\ProductApiController->update()
#2 /opt/lampp81/htdocs/projects/eGrocerAdminPanel-v1.9.3/eGrocerAdminPanel/vendor/laravel/framework/src/Illuminate/Routing/ControllerDispatcher.php(45): Illuminate\\Routing\\Controller->callAction()
#3 /opt/lampp81/htdocs/projects/eGrocerAdminPanel-v1.9.3/eGrocerAdminPanel/vendor/laravel/framework/src/Illuminate/Routing/Route.php(262): Illuminate\\Routing\\ControllerDispatcher->dispatch()
#4 /opt/lampp81/htdocs/projects/eGrocerAdminPanel-v1.9.3/eGrocerAdminPanel/vendor/laravel/framework/src/Illuminate/Routing/Route.php(205): Illuminate\\Routing\\Route->runController()
#5 /opt/lampp81/htdocs/projects/eGrocerAdminPanel-v1.9.3/eGrocerAdminPanel/vendor/laravel/framework/src/Illuminate/Routing/Router.php(721): Illuminate\\Routing\\Route->run()
#6 /opt/lampp81/htdocs/projects/eGrocerAdminPanel-v1.9.3/eGrocerAdminPanel/vendor/laravel/framework/src/Illuminate/Pipeline/Pipeline.php(128): Illuminate\\Routing\\Router->Illuminate\\Routing\\{closure}()
#7 /opt/lampp81/htdocs/projects/eGrocerAdminPanel-v1.9.3/eGrocerAdminPanel/vendor/laravel/framework/src/Illuminate/Routing/Middleware/SubstituteBindings.php(50): Illuminate\\Pipeline\\Pipeline->Illuminate\\Pipeline\\{closure}()
#8 /opt/lampp81/htdocs/projects/eGrocerAdminPanel-v1.9.3/eGrocerAdminPanel/vendor/laravel/framework/src/Illuminate/Pipeline/Pipeline.php(167): Illuminate\\Routing\\Middleware\\SubstituteBindings->handle()
#9 /opt/lampp81/htdocs/projects/eGrocerAdminPanel-v1.9.3/eGrocerAdminPanel/vendor/laravel/framework/src/Illuminate/Routing/Middleware/ThrottleRequests.php(127): Illuminate\\Pipeline\\Pipeline->Illuminate\\Pipeline\\{closure}()
#10 /opt/lampp81/htdocs/projects/eGrocerAdminPanel-v1.9.3/eGrocerAdminPanel/vendor/laravel/framework/src/Illuminate/Routing/Middleware/ThrottleRequests.php(103): Illuminate\\Routing\\Middleware\\ThrottleRequests->handleRequest()
#11 /opt/lampp81/htdocs/projects/eGrocerAdminPanel-v1.9.3/eGrocerAdminPanel/vendor/laravel/framework/src/Illuminate/Routing/Middleware/ThrottleRequests.php(55): Illuminate\\Routing\\Middleware\\ThrottleRequests->handleRequestUsingNamedLimiter()
#12 /opt/lampp81/htdocs/projects/eGrocerAdminPanel-v1.9.3/eGrocerAdminPanel/vendor/laravel/framework/src/Illuminate/Pipeline/Pipeline.php(167): Illuminate\\Routing\\Middleware\\ThrottleRequests->handle()
#13 /opt/lampp81/htdocs/projects/eGrocerAdminPanel-v1.9.3/eGrocerAdminPanel/vendor/laravel/framework/src/Illuminate/Auth/Middleware/Authenticate.php(44): Illuminate\\Pipeline\\Pipeline->Illuminate\\Pipeline\\{closure}()
#14 /opt/lampp81/htdocs/projects/eGrocerAdminPanel-v1.9.3/eGrocerAdminPanel/vendor/laravel/framework/src/Illuminate/Pipeline/Pipeline.php(167): Illuminate\\Auth\\Middleware\\Authenticate->handle()
#15 /opt/lampp81/htdocs/projects/eGrocerAdminPanel-v1.9.3/eGrocerAdminPanel/vendor/laravel/framework/src/Illuminate/Pipeline/Pipeline.php(103): Illuminate\\Pipeline\\Pipeline->Illuminate\\Pipeline\\{closure}()
#16 /opt/lampp81/htdocs/projects/eGrocerAdminPanel-v1.9.3/eGrocerAdminPanel/vendor/laravel/framework/src/Illuminate/Routing/Router.php(723): Illuminate\\Pipeline\\Pipeline->then()
#17 /opt/lampp81/htdocs/projects/eGrocerAdminPanel-v1.9.3/eGrocerAdminPanel/vendor/laravel/framework/src/Illuminate/Routing/Router.php(698): Illuminate\\Routing\\Router->runRouteWithinStack()
#18 /opt/lampp81/htdocs/projects/eGrocerAdminPanel-v1.9.3/eGrocerAdminPanel/vendor/laravel/framework/src/Illuminate/Routing/Router.php(662): Illuminate\\Routing\\Router->runRoute()
#19 /opt/lampp81/htdocs/projects/eGrocerAdminPanel-v1.9.3/eGrocerAdminPanel/vendor/laravel/framework/src/Illuminate/Routing/Router.php(651): Illuminate\\Routing\\Router->dispatchToRoute()
#20 /opt/lampp81/htdocs/projects/eGrocerAdminPanel-v1.9.3/eGrocerAdminPanel/vendor/laravel/framework/src/Illuminate/Foundation/Http/Kernel.php(167): Illuminate\\Routing\\Router->dispatch()
#21 /opt/lampp81/htdocs/projects/eGrocerAdminPanel-v1.9.3/eGrocerAdminPanel/vendor/laravel/framework/src/Illuminate/Pipeline/Pipeline.php(128): Illuminate\\Foundation\\Http\\Kernel->Illuminate\\Foundation\\Http\\{closure}()
#22 /opt/lampp81/htdocs/projects/eGrocerAdminPanel-v1.9.3/eGrocerAdminPanel/app/Http/Middleware/SetLang.php(82): Illuminate\\Pipeline\\Pipeline->Illuminate\\Pipeline\\{closure}()
#23 /opt/lampp81/htdocs/projects/eGrocerAdminPanel-v1.9.3/eGrocerAdminPanel/vendor/laravel/framework/src/Illuminate/Pipeline/Pipeline.php(167): App\\Http\\Middleware\\SetLang->handle()
#24 /opt/lampp81/htdocs/projects/eGrocerAdminPanel-v1.9.3/eGrocerAdminPanel/vendor/laravel/framework/src/Illuminate/Session/Middleware/StartSession.php(121): Illuminate\\Pipeline\\Pipeline->Illuminate\\Pipeline\\{closure}()
#25 /opt/lampp81/htdocs/projects/eGrocerAdminPanel-v1.9.3/eGrocerAdminPanel/vendor/laravel/framework/src/Illuminate/Session/Middleware/StartSession.php(64): Illuminate\\Session\\Middleware\\StartSession->handleStatefulRequest()
#26 /opt/lampp81/htdocs/projects/eGrocerAdminPanel-v1.9.3/eGrocerAdminPanel/vendor/laravel/framework/src/Illuminate/Pipeline/Pipeline.php(167): Illuminate\\Session\\Middleware\\StartSession->handle()
#27 /opt/lampp81/htdocs/projects/eGrocerAdminPanel-v1.9.3/eGrocerAdminPanel/vendor/laravel/framework/src/Illuminate/Foundation/Http/Middleware/TransformsRequest.php(21): Illuminate\\Pipeline\\Pipeline->Illuminate\\Pipeline\\{closure}()
#28 /opt/lampp81/htdocs/projects/eGrocerAdminPanel-v1.9.3/eGrocerAdminPanel/vendor/laravel/framework/src/Illuminate/Foundation/Http/Middleware/ConvertEmptyStringsToNull.php(31): Illuminate\\Foundation\\Http\\Middleware\\TransformsRequest->handle()
#29 /opt/lampp81/htdocs/projects/eGrocerAdminPanel-v1.9.3/eGrocerAdminPanel/vendor/laravel/framework/src/Illuminate/Pipeline/Pipeline.php(167): Illuminate\\Foundation\\Http\\Middleware\\ConvertEmptyStringsToNull->handle()
#30 /opt/lampp81/htdocs/projects/eGrocerAdminPanel-v1.9.3/eGrocerAdminPanel/vendor/laravel/framework/src/Illuminate/Foundation/Http/Middleware/TransformsRequest.php(21): Illuminate\\Pipeline\\Pipeline->Illuminate\\Pipeline\\{closure}()
#31 /opt/lampp81/htdocs/projects/eGrocerAdminPanel-v1.9.3/eGrocerAdminPanel/vendor/laravel/framework/src/Illuminate/Foundation/Http/Middleware/TrimStrings.php(40): Illuminate\\Foundation\\Http\\Middleware\\TransformsRequest->handle()
#32 /opt/lampp81/htdocs/projects/eGrocerAdminPanel-v1.9.3/eGrocerAdminPanel/vendor/laravel/framework/src/Illuminate/Pipeline/Pipeline.php(167): Illuminate\\Foundation\\Http\\Middleware\\TrimStrings->handle()
#33 /opt/lampp81/htdocs/projects/eGrocerAdminPanel-v1.9.3/eGrocerAdminPanel/vendor/laravel/framework/src/Illuminate/Foundation/Http/Middleware/ValidatePostSize.php(27): Illuminate\\Pipeline\\Pipeline->Illuminate\\Pipeline\\{closure}()
#34 /opt/lampp81/htdocs/projects/eGrocerAdminPanel-v1.9.3/eGrocerAdminPanel/vendor/laravel/framework/src/Illuminate/Pipeline/Pipeline.php(167): Illuminate\\Foundation\\Http\\Middleware\\ValidatePostSize->handle()
#35 /opt/lampp81/htdocs/projects/eGrocerAdminPanel-v1.9.3/eGrocerAdminPanel/vendor/laravel/framework/src/Illuminate/Foundation/Http/Middleware/PreventRequestsDuringMaintenance.php(86): Illuminate\\Pipeline\\Pipeline->Illuminate\\Pipeline\\{closure}()
#36 /opt/lampp81/htdocs/projects/eGrocerAdminPanel-v1.9.3/eGrocerAdminPanel/vendor/laravel/framework/src/Illuminate/Pipeline/Pipeline.php(167): Illuminate\\Foundation\\Http\\Middleware\\PreventRequestsDuringMaintenance->handle()
#37 /opt/lampp81/htdocs/projects/eGrocerAdminPanel-v1.9.3/eGrocerAdminPanel/vendor/fruitcake/laravel-cors/src/HandleCors.php(52): Illuminate\\Pipeline\\Pipeline->Illuminate\\Pipeline\\{closure}()
#38 /opt/lampp81/htdocs/projects/eGrocerAdminPanel-v1.9.3/eGrocerAdminPanel/vendor/laravel/framework/src/Illuminate/Pipeline/Pipeline.php(167): Fruitcake\\Cors\\HandleCors->handle()
#39 /opt/lampp81/htdocs/projects/eGrocerAdminPanel-v1.9.3/eGrocerAdminPanel/vendor/laravel/framework/src/Illuminate/Http/Middleware/TrustProxies.php(39): Illuminate\\Pipeline\\Pipeline->Illuminate\\Pipeline\\{closure}()
#40 /opt/lampp81/htdocs/projects/eGrocerAdminPanel-v1.9.3/eGrocerAdminPanel/vendor/laravel/framework/src/Illuminate/Pipeline/Pipeline.php(167): Illuminate\\Http\\Middleware\\TrustProxies->handle()
#41 /opt/lampp81/htdocs/projects/eGrocerAdminPanel-v1.9.3/eGrocerAdminPanel/vendor/laravel/framework/src/Illuminate/Pipeline/Pipeline.php(103): Illuminate\\Pipeline\\Pipeline->Illuminate\\Pipeline\\{closure}()
#42 /opt/lampp81/htdocs/projects/eGrocerAdminPanel-v1.9.3/eGrocerAdminPanel/vendor/laravel/framework/src/Illuminate/Foundation/Http/Kernel.php(142): Illuminate\\Pipeline\\Pipeline->then()
#43 /opt/lampp81/htdocs/projects/eGrocerAdminPanel-v1.9.3/eGrocerAdminPanel/vendor/laravel/framework/src/Illuminate/Foundation/Http/Kernel.php(111): Illuminate\\Foundation\\Http\\Kernel->sendRequestThroughRouter()
#44 /opt/lampp81/htdocs/projects/eGrocerAdminPanel-v1.9.3/eGrocerAdminPanel/public/index.php(60): Illuminate\\Foundation\\Http\\Kernel->handle()
#45 /opt/lampp81/htdocs/projects/eGrocerAdminPanel-v1.9.3/eGrocerAdminPanel/server.php(21): require_once('...')
#46 {main}
"} 
